<?xml version="1.0" encoding="utf-8" standalone="no"?>
<test-results xmlns:xsi="http://www.w3.org/2001/XMLSchema-instance" xsi:noNamespaceSchemaLocation="nunit_schema_2.5.xsd" name="Pester" total="38" errors="0" failures="0" not-run="0" inconclusive="0" ignored="0" skipped="0" invalid="0" date="2026-04-22" time="10:32:36">
  <environment cwd="/workspaces/PSMicrosoftEntraID/src/tests" platform="Linux" os-version="6.6.87.2-microsoft-standard-WSL2" user="root" machine-name="cfd01f1abd0b" user-domain="" clr-version="9.0.1" nunit-version="2.5.8.0" />
  <culture-info current-culture="en-US" current-uiculture="en-US" />
  <test-suite type="TestFixture" name="Pester" executed="True" result="Success" success="True" time="1.4418" asserts="0" description="Pester">
    <results>
      <test-suite type="TestFixture" name="/workspaces/PSMicrosoftEntraID/src/tests/functions/administrativeunit/Add-PSEntraIDAdministrativeUnitMember.Tests.ps1" executed="True" result="Success" success="True" time="1.4418" asserts="0" description="/workspaces/PSMicrosoftEntraID/src/tests/functions/administrativeunit/Add-PSEntraIDAdministrativeUnitMember.Tests.ps1">
        <results>
          <test-suite type="TestFixture" name="Add-PSEntraIDAdministrativeUnitMember" executed="True" result="Success" success="True" time="1.2432" asserts="0" description="Add-PSEntraIDAdministrativeUnitMember">
            <results>
              <test-suite type="TestFixture" name="Add-PSEntraIDAdministrativeUnitMember.Parameter Validation" executed="True" result="Success" success="True" time="0.0434" asserts="0" description="Add-PSEntraIDAdministrativeUnitMember.Parameter Validation">
                <results>
                  <test-case description="Should have mandatory Identity parameter" name="Add-PSEntraIDAdministrativeUnitMember.Parameter Validation.Should have mandatory Identity parameter" time="0.0067" asserts="0" success="True" result="Success" executed="True" />
                  <test-case description="Should have mandatory User parameter for IdentityUser parameter set" name="Add-PSEntraIDAdministrativeUnitMember.Parameter Validation.Should have mandatory User parameter for IdentityUser parameter set" time="0.0026" asserts="0" success="True" result="Success" executed="True" />
                  <test-case description="Should have mandatory Group parameter for IdentityGroup parameter set" name="Add-PSEntraIDAdministrativeUnitMember.Parameter Validation.Should have mandatory Group parameter for IdentityGroup parameter set" time="0.0025" asserts="0" success="True" result="Success" executed="True" />
                  <test-case description="Should have mandatory Device parameter for IdentityDevice parameter set" name="Add-PSEntraIDAdministrativeUnitMember.Parameter Validation.Should have mandatory Device parameter for IdentityDevice parameter set" time="0.0028" asserts="0" success="True" result="Success" executed="True" />
                  <test-case description="Should have mandatory InputObject parameter for IdentityInputObject parameter set" name="Add-PSEntraIDAdministrativeUnitMember.Parameter Validation.Should have mandatory InputObject parameter for IdentityInputObject parameter set" time="0.0186" asserts="0" success="True" result="Success" executed="True" />
                  <test-case description="Should accept pipeline input for InputObject" name="Add-PSEntraIDAdministrativeUnitMember.Parameter Validation.Should accept pipeline input for InputObject" time="0.0042" asserts="0" success="True" result="Success" executed="True" />
                  <test-case description="Should have PassThru switch parameter" name="Add-PSEntraIDAdministrativeUnitMember.Parameter Validation.Should have PassThru switch parameter" time="0.0028" asserts="0" success="True" result="Success" executed="True" />
                </results>
              </test-suite>
              <test-suite type="TestFixture" name="Add-PSEntraIDAdministrativeUnitMember.Add user member by Identity" executed="True" result="Success" success="True" time="0.55" asserts="0" description="Add-PSEntraIDAdministrativeUnitMember.Add user member by Identity">
                <results>
                  <test-case description="Should call Get-PSEntraIDAdministrativeUnit to resolve AU" name="Add-PSEntraIDAdministrativeUnitMember.Add user member by Identity.Should call Get-PSEntraIDAdministrativeUnit to resolve AU" time="0.2315" asserts="0" success="True" result="Success" executed="True" />
                  <test-case description="Should call Get-PSEntraIDUser to resolve user" name="Add-PSEntraIDAdministrativeUnitMember.Add user member by Identity.Should call Get-PSEntraIDUser to resolve user" time="0.0445" asserts="0" success="True" result="Success" executed="True" />
                  <test-case description="Should call API with correct path" name="Add-PSEntraIDAdministrativeUnitMember.Add user member by Identity.Should call API with correct path" time="0.0603" asserts="0" success="True" result="Success" executed="True" />
                  <test-case description="Should use POST method" name="Add-PSEntraIDAdministrativeUnitMember.Add user member by Identity.Should use POST method" time="0.0358" asserts="0" success="True" result="Success" executed="True" />
                  <test-case description="Should call API with correct body structure" name="Add-PSEntraIDAdministrativeUnitMember.Add user member by Identity.Should call API with correct body structure" time="0.0341" asserts="0" success="True" result="Success" executed="True" />
                  <test-case description="Should handle multiple users" name="Add-PSEntraIDAdministrativeUnitMember.Add user member by Identity.Should handle multiple users" time="0.0441" asserts="0" success="True" result="Success" executed="True" />
                  <test-case description="Should throw error when AU not found" name="Add-PSEntraIDAdministrativeUnitMember.Add user member by Identity.Should throw error when AU not found" time="0.0312" asserts="0" success="True" result="Success" executed="True" />
                  <test-case description="Should throw error when user not found" name="Add-PSEntraIDAdministrativeUnitMember.Add user member by Identity.Should throw error when user not found" time="0.0217" asserts="0" success="True" result="Success" executed="True" />
                </results>
              </test-suite>
              <test-suite type="TestFixture" name="Add-PSEntraIDAdministrativeUnitMember.Add group member by Identity" executed="True" result="Success" success="True" time="0.6476" asserts="0" description="Add-PSEntraIDAdministrativeUnitMember.Add group member by Identity">
                <results>
                  <test-case description="Should call Get-PSEntraIDGroup to resolve group" name="Add-PSEntraIDAdministrativeUnitMember.Add group member by Identity.Should call Get-PSEntraIDGroup to resolve group" time="0.0374" asserts="0" success="True" result="Success" executed="True" />
                  <test-case description="Should call API with correct body for group" name="Add-PSEntraIDAdministrativeUnitMember.Add group member by Identity.Should call API with correct body for group" time="0.02" asserts="0" success="True" result="Success" executed="True" />
                  <test-case description="Should handle multiple groups" name="Add-PSEntraIDAdministrativeUnitMember.Add group member by Identity.Should handle multiple groups" time="0.0372" asserts="0" success="True" result="Success" executed="True" />
                </results>
              </test-suite>
              <test-suite type="TestFixture" name="Add-PSEntraIDAdministrativeUnitMember.Add device member by Identity" executed="True" result="Success" success="True" time="0.698" asserts="0" description="Add-PSEntraIDAdministrativeUnitMember.Add device member by Identity">
                <results>
                  <test-case description="Should call API with correct body for device" name="Add-PSEntraIDAdministrativeUnitMember.Add device member by Identity.Should call API with correct body for device" time="0.0248" asserts="0" success="True" result="Success" executed="True" />
                  <test-case description="Should handle multiple devices" name="Add-PSEntraIDAdministrativeUnitMember.Add device member by Identity.Should handle multiple devices" time="0.0222" asserts="0" success="True" result="Success" executed="True" />
                </results>
              </test-suite>
              <test-suite type="TestFixture" name="Add-PSEntraIDAdministrativeUnitMember.Add user member with InputObject" executed="True" result="Success" success="True" time="0.8074" asserts="0" description="Add-PSEntraIDAdministrativeUnitMember.Add user member with InputObject">
                <results>
                  <test-case description="Should accept user object from pipeline" name="Add-PSEntraIDAdministrativeUnitMember.Add user member with InputObject.Should accept user object from pipeline" time="0.0264" asserts="0" success="True" result="Success" executed="True" />
                  <test-case description="Should call API with correct body using InputObject" name="Add-PSEntraIDAdministrativeUnitMember.Add user member with InputObject.Should call API with correct body using InputObject" time="0.0196" asserts="0" success="True" result="Success" executed="True" />
                  <test-case description="Should handle multiple user objects from pipeline" name="Add-PSEntraIDAdministrativeUnitMember.Add user member with InputObject.Should handle multiple user objects from pipeline" time="0.0308" asserts="0" success="True" result="Success" executed="True" />
                  <test-case description="Should not call Get-PSEntraIDUser when using InputObject" name="Add-PSEntraIDAdministrativeUnitMember.Add user member with InputObject.Should not call Get-PSEntraIDUser when using InputObject" time="0.0279" asserts="0" success="True" result="Success" executed="True" />
                </results>
              </test-suite>
              <test-suite type="TestFixture" name="Add-PSEntraIDAdministrativeUnitMember.Add group member with InputObject" executed="True" result="Success" success="True" time="0.8604" asserts="0" description="Add-PSEntraIDAdministrativeUnitMember.Add group member with InputObject">
                <results>
                  <test-case description="Should accept group object" name="Add-PSEntraIDAdministrativeUnitMember.Add group member with InputObject.Should accept group object" time="0.0321" asserts="0" success="True" result="Success" executed="True" />
                  <test-case description="Should not call Get-PSEntraIDGroup when using InputObjectGroup" name="Add-PSEntraIDAdministrativeUnitMember.Add group member with InputObject.Should not call Get-PSEntraIDGroup when using InputObjectGroup" time="0.0178" asserts="0" success="True" result="Success" executed="True" />
                </results>
              </test-suite>
              <test-suite type="TestFixture" name="Add-PSEntraIDAdministrativeUnitMember.Add device member with InputObject" executed="True" result="Success" success="True" time="0.8886" asserts="0" description="Add-PSEntraIDAdministrativeUnitMember.Add device member with InputObject">
                <results>
                  <test-case description="Should accept device object" name="Add-PSEntraIDAdministrativeUnitMember.Add device member with InputObject.Should accept device object" time="0.0254" asserts="0" success="True" result="Success" executed="True" />
                </results>
              </test-suite>
              <test-suite type="TestFixture" name="Add-PSEntraIDAdministrativeUnitMember.PassThru parameter" executed="True" result="Success" success="True" time="0.9533" asserts="0" description="Add-PSEntraIDAdministrativeUnitMember.PassThru parameter">
                <results>
                  <test-case description="Should return batch request when PassThru is specified" name="Add-PSEntraIDAdministrativeUnitMember.PassThru parameter.Should return batch request when PassThru is specified" time="0.0312" asserts="0" success="True" result="Success" executed="True" />
                  <test-case description="Should not call Invoke-EntraRequest when PassThru is specified" name="Add-PSEntraIDAdministrativeUnitMember.PassThru parameter.Should not call Invoke-EntraRequest when PassThru is specified" time="0.0179" asserts="0" success="True" result="Success" executed="True" />
                  <test-case description="Should include body in batch request" name="Add-PSEntraIDAdministrativeUnitMember.PassThru parameter.Should include body in batch request" time="0.0104" asserts="0" success="True" result="Success" executed="True" />
                </results>
              </test-suite>
              <test-suite type="TestFixture" name="Add-PSEntraIDAdministrativeUnitMember.WhatIf and Confirm support" executed="True" result="Success" success="True" time="1.0112" asserts="0" description="Add-PSEntraIDAdministrativeUnitMember.WhatIf and Confirm support">
                <results>
                  <test-case description="Should support WhatIf" name="Add-PSEntraIDAdministrativeUnitMember.WhatIf and Confirm support.Should support WhatIf" time="0.0081" asserts="0" success="True" result="Success" executed="True" />
                  <test-case description="Should support Confirm" name="Add-PSEntraIDAdministrativeUnitMember.WhatIf and Confirm support.Should support Confirm" time="0.0033" asserts="0" success="True" result="Success" executed="True" />
                  <test-case description="Should use Invoke-PSFProtectedCommand for confirmation" name="Add-PSEntraIDAdministrativeUnitMember.WhatIf and Confirm support.Should use Invoke-PSFProtectedCommand for confirmation" time="0.0437" asserts="0" success="True" result="Success" executed="True" />
                </results>
              </test-suite>
              <test-suite type="TestFixture" name="Add-PSEntraIDAdministrativeUnitMember.Error handling" executed="True" result="Success" success="True" time="1.0884" asserts="0" description="Add-PSEntraIDAdministrativeUnitMember.Error handling">
                <results>
                  <test-case description="Should call Assert-EntraConnection" name="Add-PSEntraIDAdministrativeUnitMember.Error handling.Should call Assert-EntraConnection" time="0.019" asserts="0" success="True" result="Success" executed="True" />
                  <test-case description="Should use retry configuration" name="Add-PSEntraIDAdministrativeUnitMember.Error handling.Should use retry configuration" time="0.0255" asserts="0" success="True" result="Success" executed="True" />
                  <test-case description="Should use Force switch correctly" name="Add-PSEntraIDAdministrativeUnitMember.Error handling.Should use Force switch correctly" time="0.026" asserts="0" success="True" result="Success" executed="True" />
                </results>
              </test-suite>
              <test-suite type="TestFixture" name="Add-PSEntraIDAdministrativeUnitMember.WhatIf execution" executed="True" result="Success" success="True" time="1.1192" asserts="0" description="Add-PSEntraIDAdministrativeUnitMember.WhatIf execution">
                <results>
                  <test-case description="Should not invoke Invoke-EntraRequest when -WhatIf is specified" name="Add-PSEntraIDAdministrativeUnitMember.WhatIf execution.Should not invoke Invoke-EntraRequest when -WhatIf is specified" time="0.0267" asserts="0" success="True" result="Success" executed="True" />
                </results>
              </test-suite>
              <test-suite type="TestFixture" name="Add-PSEntraIDAdministrativeUnitMember.Pipeline input with typed object" executed="True" result="Success" success="True" time="1.1445" asserts="0" description="Add-PSEntraIDAdministrativeUnitMember.Pipeline input with typed object">
                <results>
                  <test-case description="Should accept pipeline input and invoke Invoke-PSFProtectedCommand" name="Add-PSEntraIDAdministrativeUnitMember.Pipeline input with typed object.Should accept pipeline input and invoke Invoke-PSFProtectedCommand" time="0.0226" asserts="0" success="True" result="Success" executed="True" />
                </results>
              </test-suite>
            </results>
          </test-suite>
        </results>
      </test-suite>
    </results>
  </test-suite>
</test-results>