<?xml version="1.0" encoding="utf-8" standalone="no"?>
<test-results xmlns:xsi="http://www.w3.org/2001/XMLSchema-instance" xsi:noNamespaceSchemaLocation="nunit_schema_2.5.xsd" name="Pester" total="17" errors="0" failures="0" not-run="0" inconclusive="0" ignored="0" skipped="0" invalid="0" date="2026-04-22" time="07:08:15">
  <environment user-domain="" platform="Linux" clr-version="9.0.1" machine-name="cfd01f1abd0b" user="root" nunit-version="2.5.8.0" os-version="6.6.87.2-microsoft-standard-WSL2" cwd="/workspaces/PSMicrosoftEntraID/src/tests" />
  <culture-info current-culture="en-US" current-uiculture="en-US" />
  <test-suite type="TestFixture" name="Pester" executed="True" result="Success" success="True" time="1.1839" asserts="0" description="Pester">
    <results>
      <test-suite type="TestFixture" name="/workspaces/PSMicrosoftEntraID/src/tests/functions/user/Set-PSEntraIDUserUsageLocation.Tests.ps1" executed="True" result="Success" success="True" time="1.1839" asserts="0" description="/workspaces/PSMicrosoftEntraID/src/tests/functions/user/Set-PSEntraIDUserUsageLocation.Tests.ps1">
        <results>
          <test-suite type="TestFixture" name="Set-PSEntraIDUserUsageLocation" executed="True" result="Success" success="True" time="0.9428" asserts="0" description="Set-PSEntraIDUserUsageLocation">
            <results>
              <test-suite type="TestFixture" name="Set-PSEntraIDUserUsageLocation.Parameter Validation" executed="True" result="Success" success="True" time="0.0882" asserts="0" description="Set-PSEntraIDUserUsageLocation.Parameter Validation">
                <results>
                  <test-case description="Should have four parameter sets" name="Set-PSEntraIDUserUsageLocation.Parameter Validation.Should have four parameter sets" time="0.017" asserts="0" success="True" result="Success" executed="True" />
                  <test-case description="Should support ShouldProcess" name="Set-PSEntraIDUserUsageLocation.Parameter Validation.Should support ShouldProcess" time="0.0204" asserts="0" success="True" result="Success" executed="True" />
                  <test-case description="Should have mandatory UsageLocationCode in code parameter sets" name="Set-PSEntraIDUserUsageLocation.Parameter Validation.Should have mandatory UsageLocationCode in code parameter sets" time="0.0056" asserts="0" success="True" result="Success" executed="True" />
                  <test-case description="Should have mandatory UsageLocationCountry in country parameter sets" name="Set-PSEntraIDUserUsageLocation.Parameter Validation.Should have mandatory UsageLocationCountry in country parameter sets" time="0.0327" asserts="0" success="True" result="Success" executed="True" />
                </results>
              </test-suite>
              <test-suite type="TestFixture" name="Set-PSEntraIDUserUsageLocation.Set usage location by code with InputObject" executed="True" result="Success" success="True" time="0.2799" asserts="0" description="Set-PSEntraIDUserUsageLocation.Set usage location by code with InputObject">
                <results>
                  <test-case description="Should call API with PATCH and usageLocation body" name="Set-PSEntraIDUserUsageLocation.Set usage location by code with InputObject.Should call API with PATCH and usageLocation body" time="0.1411" asserts="0" success="True" result="Success" executed="True" />
                  <test-case description="Should include Content-Type header" name="Set-PSEntraIDUserUsageLocation.Set usage location by code with InputObject.Should include Content-Type header" time="0.0351" asserts="0" success="True" result="Success" executed="True" />
                </results>
              </test-suite>
              <test-suite type="TestFixture" name="Set-PSEntraIDUserUsageLocation.Set usage location by country name with InputObject" executed="True" result="Success" success="True" time="0.3257" asserts="0" description="Set-PSEntraIDUserUsageLocation.Set usage location by country name with InputObject">
                <results>
                  <test-case description="Should resolve country name to code via hashtable" name="Set-PSEntraIDUserUsageLocation.Set usage location by country name with InputObject.Should resolve country name to code via hashtable" time="0.0406" asserts="0" success="True" result="Success" executed="True" />
                </results>
              </test-suite>
              <test-suite type="TestFixture" name="Set-PSEntraIDUserUsageLocation.Set usage location by Identity" executed="True" result="Success" success="True" time="0.4482" asserts="0" description="Set-PSEntraIDUserUsageLocation.Set usage location by Identity">
                <results>
                  <test-case description="Should resolve user and call PATCH with code" name="Set-PSEntraIDUserUsageLocation.Set usage location by Identity.Should resolve user and call PATCH with code" time="0.0405" asserts="0" success="True" result="Success" executed="True" />
                  <test-case description="Should resolve user and call PATCH with country name" name="Set-PSEntraIDUserUsageLocation.Set usage location by Identity.Should resolve user and call PATCH with country name" time="0.0334" asserts="0" success="True" result="Success" executed="True" />
                  <test-case description="Should handle user not found with EnableException" name="Set-PSEntraIDUserUsageLocation.Set usage location by Identity.Should handle user not found with EnableException" time="0.0418" asserts="0" success="True" result="Success" executed="True" />
                </results>
              </test-suite>
              <test-suite type="TestFixture" name="Set-PSEntraIDUserUsageLocation.PassThru parameter" executed="True" result="Success" success="True" time="0.5758" asserts="0" description="Set-PSEntraIDUserUsageLocation.PassThru parameter">
                <results>
                  <test-case description="Should return batch request with PATCH method via InputObject" name="Set-PSEntraIDUserUsageLocation.PassThru parameter.Should return batch request with PATCH method via InputObject" time="0.0194" asserts="0" success="True" result="Success" executed="True" />
                  <test-case description="Should return batch request via Identity" name="Set-PSEntraIDUserUsageLocation.PassThru parameter.Should return batch request via Identity" time="0.061" asserts="0" success="True" result="Success" executed="True" />
                  <test-case description="Should not call Invoke-EntraRequest when PassThru" name="Set-PSEntraIDUserUsageLocation.PassThru parameter.Should not call Invoke-EntraRequest when PassThru" time="0.04" asserts="0" success="True" result="Success" executed="True" />
                </results>
              </test-suite>
              <test-suite type="TestFixture" name="Set-PSEntraIDUserUsageLocation.Connection handling" executed="True" result="Success" success="True" time="0.7113" asserts="0" description="Set-PSEntraIDUserUsageLocation.Connection handling">
                <results>
                  <test-case description="Should assert Entra connection" name="Set-PSEntraIDUserUsageLocation.Connection handling.Should assert Entra connection" time="0.0535" asserts="0" success="True" result="Success" executed="True" />
                  <test-case description="Should call Get-PSEntraIDUsageLocation for lookup table" name="Set-PSEntraIDUserUsageLocation.Connection handling.Should call Get-PSEntraIDUsageLocation for lookup table" time="0.0733" asserts="0" success="True" result="Success" executed="True" />
                </results>
              </test-suite>
              <test-suite type="TestFixture" name="Set-PSEntraIDUserUsageLocation.WhatIf support" executed="True" result="Success" success="True" time="0.7619" asserts="0" description="Set-PSEntraIDUserUsageLocation.WhatIf support">
                <results>
                  <test-case description="Should not invoke Invoke-EntraRequest when -WhatIf is specified" name="Set-PSEntraIDUserUsageLocation.WhatIf support.Should not invoke Invoke-EntraRequest when -WhatIf is specified" time="0.0389" asserts="0" success="True" result="Success" executed="True" />
                </results>
              </test-suite>
              <test-suite type="TestFixture" name="Set-PSEntraIDUserUsageLocation.Pipeline input" executed="True" result="Success" success="True" time="0.8139" asserts="0" description="Set-PSEntraIDUserUsageLocation.Pipeline input">
                <results>
                  <test-case description="Should accept pipeline input and call Invoke-PSFProtectedCommand" name="Set-PSEntraIDUserUsageLocation.Pipeline input.Should accept pipeline input and call Invoke-PSFProtectedCommand" time="0.0481" asserts="0" success="True" result="Success" executed="True" />
                </results>
              </test-suite>
            </results>
          </test-suite>
        </results>
      </test-suite>
    </results>
  </test-suite>
</test-results>