<?xml version="1.0" encoding="utf-8" standalone="no"?>
<test-results xmlns:xsi="http://www.w3.org/2001/XMLSchema-instance" xsi:noNamespaceSchemaLocation="nunit_schema_2.5.xsd" name="Pester" total="9" errors="0" failures="0" not-run="0" inconclusive="0" ignored="0" skipped="0" invalid="0" date="2026-04-22" time="07:07:21">
  <environment user-domain="" platform="Linux" clr-version="9.0.1" machine-name="cfd01f1abd0b" user="root" nunit-version="2.5.8.0" os-version="6.6.87.2-microsoft-standard-WSL2" cwd="/workspaces/PSMicrosoftEntraID/src/tests" />
  <culture-info current-culture="en-US" current-uiculture="en-US" />
  <test-suite type="TestFixture" name="Pester" executed="True" result="Success" success="True" time="1.574" asserts="0" description="Pester">
    <results>
      <test-suite type="TestFixture" name="/workspaces/PSMicrosoftEntraID/src/tests/functions/organization/Get-PSEntraIDOrganization.Tests.ps1" executed="True" result="Success" success="True" time="1.574" asserts="0" description="/workspaces/PSMicrosoftEntraID/src/tests/functions/organization/Get-PSEntraIDOrganization.Tests.ps1">
        <results>
          <test-suite type="TestFixture" name="Get-PSEntraIDOrganization" executed="True" result="Success" success="True" time="1.1835" asserts="0" description="Get-PSEntraIDOrganization">
            <results>
              <test-suite type="TestFixture" name="Get-PSEntraIDOrganization.Parameter Validation" executed="True" result="Success" success="True" time="0.1586" asserts="0" description="Get-PSEntraIDOrganization.Parameter Validation">
                <results>
                  <test-case description="Should have OutputType PSMicrosoftEntraID.Organization" name="Get-PSEntraIDOrganization.Parameter Validation.Should have OutputType PSMicrosoftEntraID.Organization" time="0.0066" asserts="0" success="True" result="Success" executed="True" />
                  <test-case description="Should have EnableException parameter" name="Get-PSEntraIDOrganization.Parameter Validation.Should have EnableException parameter" time="0.1011" asserts="0" success="True" result="Success" executed="True" />
                  <test-case description="Should not support ShouldProcess" name="Get-PSEntraIDOrganization.Parameter Validation.Should not support ShouldProcess" time="0.029" asserts="0" success="True" result="Success" executed="True" />
                </results>
              </test-suite>
              <test-suite type="TestFixture" name="Get-PSEntraIDOrganization.Get organization" executed="True" result="Success" success="True" time="0.7611" asserts="0" description="Get-PSEntraIDOrganization.Get organization">
                <results>
                  <test-case description="Should call API with GET to organization path" name="Get-PSEntraIDOrganization.Get organization.Should call API with GET to organization path" time="0.2607" asserts="0" success="True" result="Success" executed="True" />
                  <test-case description="Should include query parameters with count and top" name="Get-PSEntraIDOrganization.Get organization.Should include query parameters with count and top" time="0.0809" asserts="0" success="True" result="Success" executed="True" />
                  <test-case description="Should include select query parameter" name="Get-PSEntraIDOrganization.Get organization.Should include select query parameter" time="0.0609" asserts="0" success="True" result="Success" executed="True" />
                  <test-case description="Should convert response using ConvertFrom-RestOrganizationDetail" name="Get-PSEntraIDOrganization.Get organization.Should convert response using ConvertFrom-RestOrganizationDetail" time="0.0808" asserts="0" success="True" result="Success" executed="True" />
                  <test-case description="Should return organization data" name="Get-PSEntraIDOrganization.Get organization.Should return organization data" time="0.0789" asserts="0" success="True" result="Success" executed="True" />
                </results>
              </test-suite>
              <test-suite type="TestFixture" name="Get-PSEntraIDOrganization.Connection handling" executed="True" result="Success" success="True" time="0.8156" asserts="0" description="Get-PSEntraIDOrganization.Connection handling">
                <results>
                  <test-case description="Should assert Entra connection" name="Get-PSEntraIDOrganization.Connection handling.Should assert Entra connection" time="0.0479" asserts="0" success="True" result="Success" executed="True" />
                </results>
              </test-suite>
            </results>
          </test-suite>
        </results>
      </test-suite>
    </results>
  </test-suite>
</test-results>