<?xml version="1.0" encoding="utf-8" standalone="no"?>
<test-results xmlns:xsi="http://www.w3.org/2001/XMLSchema-instance" xsi:noNamespaceSchemaLocation="nunit_schema_2.5.xsd" name="Pester" total="4" errors="0" failures="0" not-run="0" inconclusive="0" ignored="0" skipped="0" invalid="0" date="2026-04-22" time="07:04:15">
  <environment user-domain="" platform="Linux" clr-version="9.0.1" machine-name="cfd01f1abd0b" user="root" nunit-version="2.5.8.0" os-version="6.6.87.2-microsoft-standard-WSL2" cwd="/workspaces/PSMicrosoftEntraID/src/tests" />
  <culture-info current-culture="en-US" current-uiculture="en-US" />
  <test-suite type="TestFixture" name="Pester" executed="True" result="Success" success="True" time="0.6815" asserts="0" description="Pester">
    <results>
      <test-suite type="TestFixture" name="/workspaces/PSMicrosoftEntraID/src/tests/functions/core/Get-PSEntraIDCommandRetry.Tests.ps1" executed="True" result="Success" success="True" time="0.6815" asserts="0" description="/workspaces/PSMicrosoftEntraID/src/tests/functions/core/Get-PSEntraIDCommandRetry.Tests.ps1">
        <results>
          <test-suite type="TestFixture" name="Get-PSEntraIDCommandRetry Tests" executed="True" result="Success" success="True" time="0.547" asserts="0" description="Get-PSEntraIDCommandRetry Tests">
            <results>
              <test-suite type="TestFixture" name="Get-PSEntraIDCommandRetry Tests.Basic Functionality" executed="True" result="Success" success="True" time="0.3952" asserts="0" description="Get-PSEntraIDCommandRetry Tests.Basic Functionality">
                <results>
                  <test-case description="Should return a hashtable with RetryCount and RetryWaitInSeconds keys" name="Get-PSEntraIDCommandRetry Tests.Basic Functionality.Should return a hashtable with RetryCount and RetryWaitInSeconds keys" time="0.2378" asserts="0" success="True" result="Success" executed="True" />
                  <test-case description="Should return numeric values" name="Get-PSEntraIDCommandRetry Tests.Basic Functionality.Should return numeric values" time="0.0557" asserts="0" success="True" result="Success" executed="True" />
                  <test-case description="Should return non-negative values" name="Get-PSEntraIDCommandRetry Tests.Basic Functionality.Should return non-negative values" time="0.0762" asserts="0" success="True" result="Success" executed="True" />
                </results>
              </test-suite>
              <test-suite type="TestFixture" name="Get-PSEntraIDCommandRetry Tests.Integration with Set-PSEntraIDCommandRetry" executed="True" result="Success" success="True" time="0.5157" asserts="0" description="Get-PSEntraIDCommandRetry Tests.Integration with Set-PSEntraIDCommandRetry">
                <results>
                  <test-case description="Should return updated values after using Set-PSEntraIDCommandRetry" name="Get-PSEntraIDCommandRetry Tests.Integration with Set-PSEntraIDCommandRetry.Should return updated values after using Set-PSEntraIDCommandRetry" time="0.0974" asserts="0" success="True" result="Success" executed="True" />
                </results>
              </test-suite>
            </results>
          </test-suite>
        </results>
      </test-suite>
    </results>
  </test-suite>
</test-results>