<?xml version="1.0" encoding="utf-8" standalone="no"?>
<test-results xmlns:xsi="http://www.w3.org/2001/XMLSchema-instance" xsi:noNamespaceSchemaLocation="nunit_schema_2.5.xsd" name="Pester" total="13" errors="0" failures="0" not-run="0" inconclusive="0" ignored="0" skipped="0" invalid="0" date="2026-04-22" time="10:34:49">
  <environment cwd="/workspaces/PSMicrosoftEntraID/src/tests" platform="Linux" os-version="6.6.87.2-microsoft-standard-WSL2" user="root" machine-name="cfd01f1abd0b" user-domain="" clr-version="9.0.1" nunit-version="2.5.8.0" />
  <culture-info current-culture="en-US" current-uiculture="en-US" />
  <test-suite type="TestFixture" name="Pester" executed="True" result="Success" success="True" time="0.4331" asserts="0" description="Pester">
    <results>
      <test-suite type="TestFixture" name="/workspaces/PSMicrosoftEntraID/src/tests/functions/group/Remove-PSEntraIDGroup.Tests.ps1" executed="True" result="Success" success="True" time="0.4331" asserts="0" description="/workspaces/PSMicrosoftEntraID/src/tests/functions/group/Remove-PSEntraIDGroup.Tests.ps1">
        <results>
          <test-suite type="TestFixture" name="Remove-PSEntraIDGroup" executed="True" result="Success" success="True" time="0.3273" asserts="0" description="Remove-PSEntraIDGroup">
            <results>
              <test-suite type="TestFixture" name="Remove-PSEntraIDGroup.Parameter Validation" executed="True" result="Success" success="True" time="0.0239" asserts="0" description="Remove-PSEntraIDGroup.Parameter Validation">
                <results>
                  <test-case description="Should have InputObject and Identity parameter sets" name="Remove-PSEntraIDGroup.Parameter Validation.Should have InputObject and Identity parameter sets" time="0.0039" asserts="0" success="True" result="Success" executed="True" />
                  <test-case description="Should support ShouldProcess" name="Remove-PSEntraIDGroup.Parameter Validation.Should support ShouldProcess" time="0.0122" asserts="0" success="True" result="Success" executed="True" />
                  <test-case description="Should have Force and PassThru parameters" name="Remove-PSEntraIDGroup.Parameter Validation.Should have Force and PassThru parameters" time="0.0047" asserts="0" success="True" result="Success" executed="True" />
                </results>
              </test-suite>
              <test-suite type="TestFixture" name="Remove-PSEntraIDGroup.Delete group by InputObject" executed="True" result="Success" success="True" time="0.0563" asserts="0" description="Remove-PSEntraIDGroup.Delete group by InputObject">
                <results>
                  <test-case description="Should call API with DELETE method" name="Remove-PSEntraIDGroup.Delete group by InputObject.Should call API with DELETE method" time="0.0297" asserts="0" success="True" result="Success" executed="True" />
                </results>
              </test-suite>
              <test-suite type="TestFixture" name="Remove-PSEntraIDGroup.Delete group by Identity" executed="True" result="Success" success="True" time="0.121" asserts="0" description="Remove-PSEntraIDGroup.Delete group by Identity">
                <results>
                  <test-case description="Should resolve group and call DELETE" name="Remove-PSEntraIDGroup.Delete group by Identity.Should resolve group and call DELETE" time="0.0291" asserts="0" success="True" result="Success" executed="True" />
                  <test-case description="Should handle group not found with EnableException" name="Remove-PSEntraIDGroup.Delete group by Identity.Should handle group not found with EnableException" time="0.0173" asserts="0" success="True" result="Success" executed="True" />
                  <test-case description="Should not call API when group not found without EnableException" name="Remove-PSEntraIDGroup.Delete group by Identity.Should not call API when group not found without EnableException" time="0.0151" asserts="0" success="True" result="Success" executed="True" />
                </results>
              </test-suite>
              <test-suite type="TestFixture" name="Remove-PSEntraIDGroup.PassThru parameter" executed="True" result="Success" success="True" time="0.1652" asserts="0" description="Remove-PSEntraIDGroup.PassThru parameter">
                <results>
                  <test-case description="Should return batch request with DELETE method via InputObject" name="Remove-PSEntraIDGroup.PassThru parameter.Should return batch request with DELETE method via InputObject" time="0.0095" asserts="0" success="True" result="Success" executed="True" />
                  <test-case description="Should return batch request via Identity" name="Remove-PSEntraIDGroup.PassThru parameter.Should return batch request via Identity" time="0.016" asserts="0" success="True" result="Success" executed="True" />
                  <test-case description="Should not call Invoke-EntraRequest when PassThru" name="Remove-PSEntraIDGroup.PassThru parameter.Should not call Invoke-EntraRequest when PassThru" time="0.0156" asserts="0" success="True" result="Success" executed="True" />
                </results>
              </test-suite>
              <test-suite type="TestFixture" name="Remove-PSEntraIDGroup.Connection handling" executed="True" result="Success" success="True" time="0.1888" asserts="0" description="Remove-PSEntraIDGroup.Connection handling">
                <results>
                  <test-case description="Should assert Entra connection" name="Remove-PSEntraIDGroup.Connection handling.Should assert Entra connection" time="0.0205" asserts="0" success="True" result="Success" executed="True" />
                </results>
              </test-suite>
              <test-suite type="TestFixture" name="Remove-PSEntraIDGroup.WhatIf support" executed="True" result="Success" success="True" time="0.2241" asserts="0" description="Remove-PSEntraIDGroup.WhatIf support">
                <results>
                  <test-case description="Should not invoke Invoke-EntraRequest when -WhatIf is specified" name="Remove-PSEntraIDGroup.WhatIf support.Should not invoke Invoke-EntraRequest when -WhatIf is specified" time="0.0226" asserts="0" success="True" result="Success" executed="True" />
                </results>
              </test-suite>
              <test-suite type="TestFixture" name="Remove-PSEntraIDGroup.Pipeline input" executed="True" result="Success" success="True" time="0.2682" asserts="0" description="Remove-PSEntraIDGroup.Pipeline input">
                <results>
                  <test-case description="Should accept pipeline input for InputObject parameter" name="Remove-PSEntraIDGroup.Pipeline input.Should accept pipeline input for InputObject parameter" time="0.0398" asserts="0" success="True" result="Success" executed="True" />
                </results>
              </test-suite>
            </results>
          </test-suite>
        </results>
      </test-suite>
    </results>
  </test-suite>
</test-results>