<?xml version="1.0" encoding="utf-8" standalone="no"?>
<test-results xmlns:xsi="http://www.w3.org/2001/XMLSchema-instance" xsi:noNamespaceSchemaLocation="nunit_schema_2.5.xsd" name="Pester" total="7" errors="0" failures="0" not-run="0" inconclusive="0" ignored="0" skipped="0" invalid="0" date="2026-04-22" time="07:05:12">
  <environment user-domain="" platform="Linux" clr-version="9.0.1" machine-name="cfd01f1abd0b" user="root" nunit-version="2.5.8.0" os-version="6.6.87.2-microsoft-standard-WSL2" cwd="/workspaces/PSMicrosoftEntraID/src/tests" />
  <culture-info current-culture="en-US" current-uiculture="en-US" />
  <test-suite type="TestFixture" name="Pester" executed="True" result="Success" success="True" time="0.3675" asserts="0" description="Pester">
    <results>
      <test-suite type="TestFixture" name="/workspaces/PSMicrosoftEntraID/src/tests/functions/group/Get-PSEntraIDGroupAdditionalProperty.Tests.ps1" executed="True" result="Success" success="True" time="0.3675" asserts="0" description="/workspaces/PSMicrosoftEntraID/src/tests/functions/group/Get-PSEntraIDGroupAdditionalProperty.Tests.ps1">
        <results>
          <test-suite type="TestFixture" name="Get-PSEntraIDGroupAdditionalProperty" executed="True" result="Success" success="True" time="0.2923" asserts="0" description="Get-PSEntraIDGroupAdditionalProperty">
            <results>
              <test-suite type="TestFixture" name="Get-PSEntraIDGroupAdditionalProperty.Parameter Validation" executed="True" result="Success" success="True" time="0.0172" asserts="0" description="Get-PSEntraIDGroupAdditionalProperty.Parameter Validation">
                <results>
                  <test-case description="Should have InputObject and Identity parameter sets" name="Get-PSEntraIDGroupAdditionalProperty.Parameter Validation.Should have InputObject and Identity parameter sets" time="0.0114" asserts="0" success="True" result="Success" executed="True" />
                  <test-case description="Should have OutputType PSMicrosoftEntraID.Groups.GroupAdditionalProperty" name="Get-PSEntraIDGroupAdditionalProperty.Parameter Validation.Should have OutputType PSMicrosoftEntraID.Groups.GroupAdditionalProperty" time="0.0023" asserts="0" success="True" result="Success" executed="True" />
                </results>
              </test-suite>
              <test-suite type="TestFixture" name="Get-PSEntraIDGroupAdditionalProperty.Get additional properties by InputObject" executed="True" result="Success" success="True" time="0.1028" asserts="0" description="Get-PSEntraIDGroupAdditionalProperty.Get additional properties by InputObject">
                <results>
                  <test-case description="Should call API with groups/{id} path" name="Get-PSEntraIDGroupAdditionalProperty.Get additional properties by InputObject.Should call API with groups/{id} path" time="0.0517" asserts="0" success="True" result="Success" executed="True" />
                  <test-case description="Should convert response using ConvertFrom-RestGroupAdditionalProperty" name="Get-PSEntraIDGroupAdditionalProperty.Get additional properties by InputObject.Should convert response using ConvertFrom-RestGroupAdditionalProperty" time="0.0303" asserts="0" success="True" result="Success" executed="True" />
                </results>
              </test-suite>
              <test-suite type="TestFixture" name="Get-PSEntraIDGroupAdditionalProperty.Get additional properties by Identity" executed="True" result="Success" success="True" time="0.1558" asserts="0" description="Get-PSEntraIDGroupAdditionalProperty.Get additional properties by Identity">
                <results>
                  <test-case description="Should resolve group and call API" name="Get-PSEntraIDGroupAdditionalProperty.Get additional properties by Identity.Should resolve group and call API" time="0.0499" asserts="0" success="True" result="Success" executed="True" />
                </results>
              </test-suite>
              <test-suite type="TestFixture" name="Get-PSEntraIDGroupAdditionalProperty.Group not found handling" executed="True" result="Success" success="True" time="0.2014" asserts="0" description="Get-PSEntraIDGroupAdditionalProperty.Group not found handling">
                <results>
                  <test-case description="Should not call API when group is not found" name="Get-PSEntraIDGroupAdditionalProperty.Group not found handling.Should not call API when group is not found" time="0.0409" asserts="0" success="True" result="Success" executed="True" />
                </results>
              </test-suite>
              <test-suite type="TestFixture" name="Get-PSEntraIDGroupAdditionalProperty.Connection handling" executed="True" result="Success" success="True" time="0.2321" asserts="0" description="Get-PSEntraIDGroupAdditionalProperty.Connection handling">
                <results>
                  <test-case description="Should assert Entra connection" name="Get-PSEntraIDGroupAdditionalProperty.Connection handling.Should assert Entra connection" time="0.0277" asserts="0" success="True" result="Success" executed="True" />
                </results>
              </test-suite>
            </results>
          </test-suite>
        </results>
      </test-suite>
    </results>
  </test-suite>
</test-results>