<?xml version="1.0" encoding="utf-8" standalone="no"?>
<test-results xmlns:xsi="http://www.w3.org/2001/XMLSchema-instance" xsi:noNamespaceSchemaLocation="nunit_schema_2.5.xsd" name="Pester" total="10" errors="0" failures="0" not-run="0" inconclusive="0" ignored="0" skipped="0" invalid="0" date="2026-04-22" time="10:33:40">
  <environment cwd="/workspaces/PSMicrosoftEntraID/src/tests" platform="Linux" os-version="6.6.87.2-microsoft-standard-WSL2" user="root" machine-name="cfd01f1abd0b" user-domain="" clr-version="9.0.1" nunit-version="2.5.8.0" />
  <culture-info current-culture="en-US" current-uiculture="en-US" />
  <test-suite type="TestFixture" name="Pester" executed="True" result="Success" success="True" time="0.6879" asserts="0" description="Pester">
    <results>
      <test-suite type="TestFixture" name="/workspaces/PSMicrosoftEntraID/src/tests/functions/group/Add-PSEntraIDGroupMember.Tests.ps1" executed="True" result="Success" success="True" time="0.6879" asserts="0" description="/workspaces/PSMicrosoftEntraID/src/tests/functions/group/Add-PSEntraIDGroupMember.Tests.ps1">
        <results>
          <test-suite type="TestFixture" name="Add-PSEntraIDGroupMember Tests" executed="True" result="Success" success="True" time="0.5921" asserts="0" description="Add-PSEntraIDGroupMember Tests">
            <results>
              <test-suite type="TestFixture" name="Add-PSEntraIDGroupMember Tests.Parameter Validation" executed="True" result="Success" success="True" time="0.0118" asserts="0" description="Add-PSEntraIDGroupMember Tests.Parameter Validation">
                <results>
                  <test-case description="Should have EnableException switch parameter" name="Add-PSEntraIDGroupMember Tests.Parameter Validation.Should have EnableException switch parameter" time="0.0064" asserts="0" success="True" result="Success" executed="True" />
                  <test-case description="Should have User parameter" name="Add-PSEntraIDGroupMember Tests.Parameter Validation.Should have User parameter" time="0.0024" asserts="0" success="True" result="Success" executed="True" />
                </results>
              </test-suite>
              <test-suite type="TestFixture" name="Add-PSEntraIDGroupMember Tests.Error Handling - User Identity" executed="True" result="Success" success="True" time="0.2306" asserts="0" description="Add-PSEntraIDGroupMember Tests.Error Handling - User Identity">
                <results>
                  <test-case description="Should continue processing valid users when one user not found and EnableException is false" name="Add-PSEntraIDGroupMember Tests.Error Handling - User Identity.Should continue processing valid users when one user not found and EnableException is false" time="0.089" asserts="0" success="True" result="Success" executed="True" />
                  <test-case description="Should throw when user not found and EnableException is true" name="Add-PSEntraIDGroupMember Tests.Error Handling - User Identity.Should throw when user not found and EnableException is true" time="0.0338" asserts="0" success="True" result="Success" executed="True" />
                  <test-case description="Should process all valid users and skip invalid ones when EnableException is false" name="Add-PSEntraIDGroupMember Tests.Error Handling - User Identity.Should process all valid users and skip invalid ones when EnableException is false" time="0.0643" asserts="0" success="True" result="Success" executed="True" />
                </results>
              </test-suite>
              <test-suite type="TestFixture" name="Add-PSEntraIDGroupMember Tests.IdentityInputObject single user" executed="True" result="Success" success="True" time="0.289" asserts="0" description="Add-PSEntraIDGroupMember Tests.IdentityInputObject single user">
                <results>
                  <test-case description="Should add a single InputObject user via POST to members/$ref" name="Add-PSEntraIDGroupMember Tests.IdentityInputObject single user.Should add a single InputObject user via POST to members/$ref" time="0.0305" asserts="0" success="True" result="Success" executed="True" />
                </results>
              </test-suite>
              <test-suite type="TestFixture" name="Add-PSEntraIDGroupMember Tests.IdentityInputObject multiple users" executed="True" result="Success" success="True" time="0.371" asserts="0" description="Add-PSEntraIDGroupMember Tests.IdentityInputObject multiple users">
                <results>
                  <test-case description="Should add multiple InputObject users via PATCH with members@odata.bind" name="Add-PSEntraIDGroupMember Tests.IdentityInputObject multiple users.Should add multiple InputObject users via PATCH with members@odata.bind" time="0.0511" asserts="0" success="True" result="Success" executed="True" />
                </results>
              </test-suite>
              <test-suite type="TestFixture" name="Add-PSEntraIDGroupMember Tests.WhatIf support" executed="True" result="Success" success="True" time="0.4302" asserts="0" description="Add-PSEntraIDGroupMember Tests.WhatIf support">
                <results>
                  <test-case description="Should not invoke Invoke-EntraRequest when -WhatIf is specified" name="Add-PSEntraIDGroupMember Tests.WhatIf support.Should not invoke Invoke-EntraRequest when -WhatIf is specified" time="0.0224" asserts="0" success="True" result="Success" executed="True" />
                </results>
              </test-suite>
              <test-suite type="TestFixture" name="Add-PSEntraIDGroupMember Tests.Connection verification" executed="True" result="Success" success="True" time="0.4814" asserts="0" description="Add-PSEntraIDGroupMember Tests.Connection verification">
                <results>
                  <test-case description="Should call Assert-EntraConnection during execution" name="Add-PSEntraIDGroupMember Tests.Connection verification.Should call Assert-EntraConnection during execution" time="0.0233" asserts="0" success="True" result="Success" executed="True" />
                </results>
              </test-suite>
              <test-suite type="TestFixture" name="Add-PSEntraIDGroupMember Tests.Pipeline input" executed="True" result="Success" success="True" time="0.5883" asserts="0" description="Add-PSEntraIDGroupMember Tests.Pipeline input">
                <results>
                  <test-case description="Should accept pipeline input for InputObject parameter" name="Add-PSEntraIDGroupMember Tests.Pipeline input.Should accept pipeline input for InputObject parameter" time="0.0802" asserts="0" success="True" result="Success" executed="True" />
                </results>
              </test-suite>
            </results>
          </test-suite>
        </results>
      </test-suite>
    </results>
  </test-suite>
</test-results>