<?xml version="1.0" encoding="utf-8" standalone="no"?>
<test-results xmlns:xsi="http://www.w3.org/2001/XMLSchema-instance" xsi:noNamespaceSchemaLocation="nunit_schema_2.5.xsd" name="Pester" total="17" errors="0" failures="0" not-run="0" inconclusive="0" ignored="0" skipped="0" invalid="0" date="2026-04-22" time="12:40:25">
  <environment clr-version="9.0.1" machine-name="cfd01f1abd0b" nunit-version="2.5.8.0" os-version="6.6.87.2-microsoft-standard-WSL2" cwd="/workspaces/PSMicrosoftEntraID/src" platform="Linux" user="root" user-domain="" />
  <culture-info current-culture="en-US" current-uiculture="en-US" />
  <test-suite type="TestFixture" name="Pester" executed="True" result="Success" success="True" time="1.5783" asserts="0" description="Pester">
    <results>
      <test-suite type="TestFixture" name="/workspaces/PSMicrosoftEntraID/src/tests/functions/group/New-PSEntraIDGroup.Tests.ps1" executed="True" result="Success" success="True" time="1.5783" asserts="0" description="/workspaces/PSMicrosoftEntraID/src/tests/functions/group/New-PSEntraIDGroup.Tests.ps1">
        <results>
          <test-suite type="TestFixture" name="New-PSEntraIDGroup Tests" executed="True" result="Success" success="True" time="1.4603" asserts="0" description="New-PSEntraIDGroup Tests">
            <results>
              <test-suite type="TestFixture" name="New-PSEntraIDGroup Tests.Parameter Validation" executed="True" result="Success" success="True" time="0.1661" asserts="0" description="New-PSEntraIDGroup Tests.Parameter Validation">
                <results>
                  <test-case description="Should have mandatory Displayname parameter" name="New-PSEntraIDGroup Tests.Parameter Validation.Should have mandatory Displayname parameter" time="0.0828" asserts="0" success="True" result="Success" executed="True" />
                  <test-case description="Should have mandatory MailNickname parameter" name="New-PSEntraIDGroup Tests.Parameter Validation.Should have mandatory MailNickname parameter" time="0.0105" asserts="0" success="True" result="Success" executed="True" />
                  <test-case description="Should have optional Owners parameter" name="New-PSEntraIDGroup Tests.Parameter Validation.Should have optional Owners parameter" time="0.0399" asserts="0" success="True" result="Success" executed="True" />
                  <test-case description="Should have optional Members parameter" name="New-PSEntraIDGroup Tests.Parameter Validation.Should have optional Members parameter" time="0.0144" asserts="0" success="True" result="Success" executed="True" />
                  <test-case description="Should have EnableException switch parameter" name="New-PSEntraIDGroup Tests.Parameter Validation.Should have EnableException switch parameter" time="0.0135" asserts="0" success="True" result="Success" executed="True" />
                </results>
              </test-suite>
              <test-suite type="TestFixture" name="New-PSEntraIDGroup Tests.Pipeline Support" executed="True" result="Success" success="True" time="0.1843" asserts="0" description="New-PSEntraIDGroup Tests.Pipeline Support">
                <results>
                  <test-case description="Should accept parameters from pipeline by property name" name="New-PSEntraIDGroup Tests.Pipeline Support.Should accept parameters from pipeline by property name" time="0.0141" asserts="0" success="True" result="Success" executed="True" />
                </results>
              </test-suite>
              <test-suite type="TestFixture" name="New-PSEntraIDGroup Tests.ShouldProcess Support" executed="True" result="Success" success="True" time="0.2017" asserts="0" description="New-PSEntraIDGroup Tests.ShouldProcess Support">
                <results>
                  <test-case description="Should support WhatIf and Confirm" name="New-PSEntraIDGroup Tests.ShouldProcess Support.Should support WhatIf and Confirm" time="0.0133" asserts="0" success="True" result="Success" executed="True" />
                </results>
              </test-suite>
              <test-suite type="TestFixture" name="New-PSEntraIDGroup Tests.Error Handling - Owners" executed="True" result="Success" success="True" time="0.9284" asserts="0" description="New-PSEntraIDGroup Tests.Error Handling - Owners">
                <results>
                  <test-case description="Should continue processing valid owners when one owner not found and EnableException is false" name="New-PSEntraIDGroup Tests.Error Handling - Owners.Should continue processing valid owners when one owner not found and EnableException is false" time="0.397" asserts="0" success="True" result="Success" executed="True" />
                  <test-case description="Should throw when owner not found and EnableException is true" name="New-PSEntraIDGroup Tests.Error Handling - Owners.Should throw when owner not found and EnableException is true" time="0.0794" asserts="0" success="True" result="Success" executed="True" />
                  <test-case description="Should process all valid owners and skip invalid ones when EnableException is false" name="New-PSEntraIDGroup Tests.Error Handling - Owners.Should process all valid owners and skip invalid ones when EnableException is false" time="0.0561" asserts="0" success="True" result="Success" executed="True" />
                </results>
              </test-suite>
              <test-suite type="TestFixture" name="New-PSEntraIDGroup Tests.Error Handling - Members" executed="True" result="Success" success="True" time="1.1011" asserts="0" description="New-PSEntraIDGroup Tests.Error Handling - Members">
                <results>
                  <test-case description="Should continue processing valid members when one member not found and EnableException is false" name="New-PSEntraIDGroup Tests.Error Handling - Members.Should continue processing valid members when one member not found and EnableException is false" time="0.0778" asserts="0" success="True" result="Success" executed="True" />
                  <test-case description="Should process both owners and members with mixed valid/invalid identities" name="New-PSEntraIDGroup Tests.Error Handling - Members.Should process both owners and members with mixed valid/invalid identities" time="0.0406" asserts="0" success="True" result="Success" executed="True" />
                </results>
              </test-suite>
              <test-suite type="TestFixture" name="New-PSEntraIDGroup Tests.Dynamic group creation" executed="True" result="Success" success="True" time="1.1959" asserts="0" description="New-PSEntraIDGroup Tests.Dynamic group creation">
                <results>
                  <test-case description="Should create a dynamic group with MembershipRule and MembershipRuleProcessingState" name="New-PSEntraIDGroup Tests.Dynamic group creation.Should create a dynamic group with MembershipRule and MembershipRuleProcessingState" time="0.0604" asserts="0" success="True" result="Success" executed="True" />
                </results>
              </test-suite>
              <test-suite type="TestFixture" name="New-PSEntraIDGroup Tests.ResourceBehaviorOptions parameter" executed="True" result="Success" success="True" time="1.2525" asserts="0" description="New-PSEntraIDGroup Tests.ResourceBehaviorOptions parameter">
                <results>
                  <test-case description="Should pass ResourceBehaviorOptions when specified" name="New-PSEntraIDGroup Tests.ResourceBehaviorOptions parameter.Should pass ResourceBehaviorOptions when specified" time="0.0283" asserts="0" success="True" result="Success" executed="True" />
                </results>
              </test-suite>
              <test-suite type="TestFixture" name="New-PSEntraIDGroup Tests.Connection verification" executed="True" result="Success" success="True" time="1.3034" asserts="0" description="New-PSEntraIDGroup Tests.Connection verification">
                <results>
                  <test-case description="Should call Assert-EntraConnection during execution" name="New-PSEntraIDGroup Tests.Connection verification.Should call Assert-EntraConnection during execution" time="0.0242" asserts="0" success="True" result="Success" executed="True" />
                </results>
              </test-suite>
              <test-suite type="TestFixture" name="New-PSEntraIDGroup Tests.WhatIf support" executed="True" result="Success" success="True" time="1.3978" asserts="0" description="New-PSEntraIDGroup Tests.WhatIf support">
                <results>
                  <test-case description="Should not invoke Invoke-EntraRequest when using -WhatIf" name="New-PSEntraIDGroup Tests.WhatIf support.Should not invoke Invoke-EntraRequest when using -WhatIf" time="0.0254" asserts="0" success="True" result="Success" executed="True" />
                </results>
              </test-suite>
              <test-suite type="TestFixture" name="New-PSEntraIDGroup Tests.PassThru parameter" executed="True" result="Success" success="True" time="1.4559" asserts="0" description="New-PSEntraIDGroup Tests.PassThru parameter">
                <results>
                  <test-case description="Should return a batch request object when -PassThru is specified" name="New-PSEntraIDGroup Tests.PassThru parameter.Should return a batch request object when -PassThru is specified" time="0.0267" asserts="0" success="True" result="Success" executed="True" />
                </results>
              </test-suite>
            </results>
          </test-suite>
        </results>
      </test-suite>
    </results>
  </test-suite>
</test-results>