<?xml version="1.0" encoding="utf-8" standalone="no"?>
<test-results xmlns:xsi="http://www.w3.org/2001/XMLSchema-instance" xsi:noNamespaceSchemaLocation="nunit_schema_2.5.xsd" name="Pester" total="12" errors="0" failures="0" not-run="0" inconclusive="0" ignored="0" skipped="0" invalid="0" date="2026-04-22" time="06:55:40">
  <environment user-domain="" platform="Linux" clr-version="9.0.1" machine-name="cfd01f1abd0b" user="root" nunit-version="2.5.8.0" os-version="6.6.87.2-microsoft-standard-WSL2" cwd="/workspaces/PSMicrosoftEntraID/src/tests" />
  <culture-info current-culture="en-US" current-uiculture="en-US" />
  <test-suite type="TestFixture" name="Pester" executed="True" result="Success" success="True" time="1.3383" asserts="0" description="Pester">
    <results>
      <test-suite type="TestFixture" name="/workspaces/PSMicrosoftEntraID/src/tests/general/Manifest.Tests.ps1" executed="True" result="Success" success="True" time="1.3383" asserts="0" description="/workspaces/PSMicrosoftEntraID/src/tests/general/Manifest.Tests.ps1">
        <results>
          <test-suite type="TestFixture" name="Validating the module manifest" executed="True" result="Success" success="True" time="0.6283" asserts="0" description="Validating the module manifest">
            <results>
              <test-suite type="TestFixture" name="Validating the module manifest.Basic resources validation" executed="True" result="Success" success="True" time="0.5822" asserts="0" description="Validating the module manifest.Basic resources validation">
                <results>
                  <test-suite type="ParameterizedTest" name="Validating the module manifest.Basic resources validation.Exports no function that isn't also present in the public folder" executed="True" result="Success" success="True" time="0.0028" asserts="0" description="Exports no function that isn't also present in the public folder">
                    <results>
                      <test-case description="Exports no function that isn't also present in the public folder" name="Validating the module manifest.Basic resources validation.Exports no function that isn't also present in the public folder(System.Collections.Hashtable,/workspaces/PSMicrosoftEntraID/src/PSMicrosoftEntraID/functions/administrativeunit/Add-PSEntraIDAdministrativeUnitMember.ps1 /workspaces/PSMicrosoftEntraID/src/PSMicrosoftEntraID/functions/administrativeunit/Get-PSEntraIDAdministrativeUnit.ps1 /workspaces/PSMicrosoftEntraID/src/PSMicrosoftEntraID/functions/administrativeunit/Get-PSEntraIDAdministrativeUnitMember.ps1 /workspaces/PSMicrosoftEntraID/src/PSMicrosoftEntraID/functions/administrativeunit/New-PSEntraIDAdministrativeUnit.ps1 /workspaces/PSMicrosoftEntraID/src/PSMicrosoftEntraID/functions/administrativeunit/Remove-PSEntraIDAdministrativeUnit.ps1 /workspaces/PSMicrosoftEntraID/src/PSMicrosoftEntraID/functions/administrativeunit/Remove-PSEntraIDAdministrativeUnitMember.ps1 /workspaces/PSMicrosoftEntraID/src/PSMicrosoftEntraID/functions/administrativeunit/Set-PSEntraIDAdministrativeUnit.ps1 /workspaces/PSMicrosoftEntraID/src/PSMicrosoftEntraID/functions/authentication/Connect-PSMicrosoftEntraID.ps1 /workspaces/PSMicrosoftEntraID/src/PSMicrosoftEntraID/functions/authentication/Disconnect-PSMicrosoftEntraID.ps1 /workspaces/PSMicrosoftEntraID/src/PSMicrosoftEntraID/functions/batch/Invoke-PSEntraIDBatchRequest.ps1 /workspaces/PSMicrosoftEntraID/src/PSMicrosoftEntraID/functions/contact/Get-PSEntraIDContact.ps1 /workspaces/PSMicrosoftEntraID/src/PSMicrosoftEntraID/functions/core/Get-PSEntraIDCommandRetry.ps1 /workspaces/PSMicrosoftEntraID/src/PSMicrosoftEntraID/functions/core/Invoke-PSEntraIDRequest.ps1 /workspaces/PSMicrosoftEntraID/src/PSMicrosoftEntraID/functions/core/Set-PSEntraIDCommandRetry.ps1 /workspaces/PSMicrosoftEntraID/src/PSMicrosoftEntraID/functions/device/Get-PSEntraIDDevice.ps1 /workspaces/PSMicrosoftEntraID/src/PSMicrosoftEntraID/functions/group/Add-PSEntraIDGroupMember.ps1 /workspaces/PSMicrosoftEntraID/src/PSMicrosoftEntraID/functions/group/Add-PSEntraIDGroupOwner.ps1 /workspaces/PSMicrosoftEntraID/src/PSMicrosoftEntraID/functions/group/Disable-PSEntraIDGroupLicense.ps1 /workspaces/PSMicrosoftEntraID/src/PSMicrosoftEntraID/functions/group/Disable-PSEntraIDGroupLicenseServicePlan.ps1 /workspaces/PSMicrosoftEntraID/src/PSMicrosoftEntraID/functions/group/Enable-PSEntraIDGroupLicense.ps1 /workspaces/PSMicrosoftEntraID/src/PSMicrosoftEntraID/functions/group/Enable-PSEntraIDGroupLicenseServicePlan.ps1 /workspaces/PSMicrosoftEntraID/src/PSMicrosoftEntraID/functions/group/Get-PSEntraIDGroup.ps1 /workspaces/PSMicrosoftEntraID/src/PSMicrosoftEntraID/functions/group/Get-PSEntraIDGroupAdditionalProperty.ps1 /workspaces/PSMicrosoftEntraID/src/PSMicrosoftEntraID/functions/group/Get-PSEntraIDGroupLicense.ps1 /workspaces/PSMicrosoftEntraID/src/PSMicrosoftEntraID/functions/group/Get-PSEntraIDGroupMember.ps1 /workspaces/PSMicrosoftEntraID/src/PSMicrosoftEntraID/functions/group/New-PSEntraIDGroup.ps1 /workspaces/PSMicrosoftEntraID/src/PSMicrosoftEntraID/functions/group/Remove-PSEntraIDGroup.ps1 /workspaces/PSMicrosoftEntraID/src/PSMicrosoftEntraID/functions/group/Remove-PSEntraIDGroupMember.ps1 /workspaces/PSMicrosoftEntraID/src/PSMicrosoftEntraID/functions/group/Remove-PSEntraIDGroupOwner.ps1 /workspaces/PSMicrosoftEntraID/src/PSMicrosoftEntraID/functions/group/Set-PSEntraIDGroup.ps1 /workspaces/PSMicrosoftEntraID/src/PSMicrosoftEntraID/functions/group/Sync-PSEntraIDGroupMember.ps1 /workspaces/PSMicrosoftEntraID/src/PSMicrosoftEntraID/functions/license/Disable-PSEntraIDUserLicense.ps1 /workspaces/PSMicrosoftEntraID/src/PSMicrosoftEntraID/functions/license/Disable-PSEntraIDUserLicenseServicePlan.ps1 /workspaces/PSMicrosoftEntraID/src/PSMicrosoftEntraID/functions/license/Enable-PSEntraIDUserLicense.ps1 /workspaces/PSMicrosoftEntraID/src/PSMicrosoftEntraID/functions/license/Enable-PSEntraIDUserLicenseServicePlan.ps1 /workspaces/PSMicrosoftEntraID/src/PSMicrosoftEntraID/functions/license/Get-PSEntraIDLicenseIdentifier.ps1 /workspaces/PSMicrosoftEntraID/src/PSMicrosoftEntraID/functions/license/Get-PSEntraIDSubscribedLicense.ps1 /workspaces/PSMicrosoftEntraID/src/PSMicrosoftEntraID/functions/license/Get-PSEntraIDUserLicense.ps1 /workspaces/PSMicrosoftEntraID/src/PSMicrosoftEntraID/functions/license/Get-PSEntraIDUserLicenseDetail.ps1 /workspaces/PSMicrosoftEntraID/src/PSMicrosoftEntraID/functions/organization/Get-PSEntraIDOrganization.ps1 /workspaces/PSMicrosoftEntraID/src/PSMicrosoftEntraID/functions/organization/Get-PSEntraIDUsageLocation.ps1 /workspaces/PSMicrosoftEntraID/src/PSMicrosoftEntraID/functions/serviceannouncement/Get-PSEntraIDMessageCenter.ps1 /workspaces/PSMicrosoftEntraID/src/PSMicrosoftEntraID/functions/user/Compare-PSEntraIDUserList.ps1 /workspaces/PSMicrosoftEntraID/src/PSMicrosoftEntraID/functions/user/Get-PSEntraIDUser.ps1 /workspaces/PSMicrosoftEntraID/src/PSMicrosoftEntraID/functions/user/Get-PSEntraIDUserGuest.ps1 /workspaces/PSMicrosoftEntraID/src/PSMicrosoftEntraID/functions/user/Get-PSEntraIDUserMemberOf.ps1 /workspaces/PSMicrosoftEntraID/src/PSMicrosoftEntraID/functions/user/New-PSEntraIDInvitation.ps1 /workspaces/PSMicrosoftEntraID/src/PSMicrosoftEntraID/functions/user/New-PSEntraIDUser.ps1 /workspaces/PSMicrosoftEntraID/src/PSMicrosoftEntraID/functions/user/Remove-PSEntraIDUser.ps1 /workspaces/PSMicrosoftEntraID/src/PSMicrosoftEntraID/functions/user/Set-PSEntraIDUser.ps1 /workspaces/PSMicrosoftEntraID/src/PSMicrosoftEntraID/functions/user/Set-PSEntraIDUserUsageLocation.ps1)" time="0.0028" asserts="0" success="True" result="Success" executed="True" />
                    </results>
                  </test-suite>
                  <test-suite type="ParameterizedTest" name="Validating the module manifest.Basic resources validation.Exports none of its internal functions" executed="True" result="Success" success="True" time="0.5621" asserts="0" description="Exports none of its internal functions">
                    <results>
                      <test-case description="Exports none of its internal functions" name="Validating the module manifest.Basic resources validation.Exports none of its internal functions(&quot;/workspaces/PSMicrosoftEntraID/src/PSMicrosoftEntraID&quot;,System.Collections.Hashtable)" time="0.5621" asserts="0" success="True" result="Success" executed="True" />
                    </results>
                  </test-suite>
                  <test-suite type="ParameterizedTest" name="Validating the module manifest.Basic resources validation.Exports all functions in the public folder" executed="True" result="Success" success="True" time="0.0132" asserts="0" description="Exports all functions in the public folder">
                    <results>
                      <test-case description="Exports all functions in the public folder" name="Validating the module manifest.Basic resources validation.Exports all functions in the public folder(System.Collections.Hashtable,/workspaces/PSMicrosoftEntraID/src/PSMicrosoftEntraID/functions/administrativeunit/Add-PSEntraIDAdministrativeUnitMember.ps1 /workspaces/PSMicrosoftEntraID/src/PSMicrosoftEntraID/functions/administrativeunit/Get-PSEntraIDAdministrativeUnit.ps1 /workspaces/PSMicrosoftEntraID/src/PSMicrosoftEntraID/functions/administrativeunit/Get-PSEntraIDAdministrativeUnitMember.ps1 /workspaces/PSMicrosoftEntraID/src/PSMicrosoftEntraID/functions/administrativeunit/New-PSEntraIDAdministrativeUnit.ps1 /workspaces/PSMicrosoftEntraID/src/PSMicrosoftEntraID/functions/administrativeunit/Remove-PSEntraIDAdministrativeUnit.ps1 /workspaces/PSMicrosoftEntraID/src/PSMicrosoftEntraID/functions/administrativeunit/Remove-PSEntraIDAdministrativeUnitMember.ps1 /workspaces/PSMicrosoftEntraID/src/PSMicrosoftEntraID/functions/administrativeunit/Set-PSEntraIDAdministrativeUnit.ps1 /workspaces/PSMicrosoftEntraID/src/PSMicrosoftEntraID/functions/authentication/Connect-PSMicrosoftEntraID.ps1 /workspaces/PSMicrosoftEntraID/src/PSMicrosoftEntraID/functions/authentication/Disconnect-PSMicrosoftEntraID.ps1 /workspaces/PSMicrosoftEntraID/src/PSMicrosoftEntraID/functions/batch/Invoke-PSEntraIDBatchRequest.ps1 /workspaces/PSMicrosoftEntraID/src/PSMicrosoftEntraID/functions/contact/Get-PSEntraIDContact.ps1 /workspaces/PSMicrosoftEntraID/src/PSMicrosoftEntraID/functions/core/Get-PSEntraIDCommandRetry.ps1 /workspaces/PSMicrosoftEntraID/src/PSMicrosoftEntraID/functions/core/Invoke-PSEntraIDRequest.ps1 /workspaces/PSMicrosoftEntraID/src/PSMicrosoftEntraID/functions/core/Set-PSEntraIDCommandRetry.ps1 /workspaces/PSMicrosoftEntraID/src/PSMicrosoftEntraID/functions/device/Get-PSEntraIDDevice.ps1 /workspaces/PSMicrosoftEntraID/src/PSMicrosoftEntraID/functions/group/Add-PSEntraIDGroupMember.ps1 /workspaces/PSMicrosoftEntraID/src/PSMicrosoftEntraID/functions/group/Add-PSEntraIDGroupOwner.ps1 /workspaces/PSMicrosoftEntraID/src/PSMicrosoftEntraID/functions/group/Disable-PSEntraIDGroupLicense.ps1 /workspaces/PSMicrosoftEntraID/src/PSMicrosoftEntraID/functions/group/Disable-PSEntraIDGroupLicenseServicePlan.ps1 /workspaces/PSMicrosoftEntraID/src/PSMicrosoftEntraID/functions/group/Enable-PSEntraIDGroupLicense.ps1 /workspaces/PSMicrosoftEntraID/src/PSMicrosoftEntraID/functions/group/Enable-PSEntraIDGroupLicenseServicePlan.ps1 /workspaces/PSMicrosoftEntraID/src/PSMicrosoftEntraID/functions/group/Get-PSEntraIDGroup.ps1 /workspaces/PSMicrosoftEntraID/src/PSMicrosoftEntraID/functions/group/Get-PSEntraIDGroupAdditionalProperty.ps1 /workspaces/PSMicrosoftEntraID/src/PSMicrosoftEntraID/functions/group/Get-PSEntraIDGroupLicense.ps1 /workspaces/PSMicrosoftEntraID/src/PSMicrosoftEntraID/functions/group/Get-PSEntraIDGroupMember.ps1 /workspaces/PSMicrosoftEntraID/src/PSMicrosoftEntraID/functions/group/New-PSEntraIDGroup.ps1 /workspaces/PSMicrosoftEntraID/src/PSMicrosoftEntraID/functions/group/Remove-PSEntraIDGroup.ps1 /workspaces/PSMicrosoftEntraID/src/PSMicrosoftEntraID/functions/group/Remove-PSEntraIDGroupMember.ps1 /workspaces/PSMicrosoftEntraID/src/PSMicrosoftEntraID/functions/group/Remove-PSEntraIDGroupOwner.ps1 /workspaces/PSMicrosoftEntraID/src/PSMicrosoftEntraID/functions/group/Set-PSEntraIDGroup.ps1 /workspaces/PSMicrosoftEntraID/src/PSMicrosoftEntraID/functions/group/Sync-PSEntraIDGroupMember.ps1 /workspaces/PSMicrosoftEntraID/src/PSMicrosoftEntraID/functions/license/Disable-PSEntraIDUserLicense.ps1 /workspaces/PSMicrosoftEntraID/src/PSMicrosoftEntraID/functions/license/Disable-PSEntraIDUserLicenseServicePlan.ps1 /workspaces/PSMicrosoftEntraID/src/PSMicrosoftEntraID/functions/license/Enable-PSEntraIDUserLicense.ps1 /workspaces/PSMicrosoftEntraID/src/PSMicrosoftEntraID/functions/license/Enable-PSEntraIDUserLicenseServicePlan.ps1 /workspaces/PSMicrosoftEntraID/src/PSMicrosoftEntraID/functions/license/Get-PSEntraIDLicenseIdentifier.ps1 /workspaces/PSMicrosoftEntraID/src/PSMicrosoftEntraID/functions/license/Get-PSEntraIDSubscribedLicense.ps1 /workspaces/PSMicrosoftEntraID/src/PSMicrosoftEntraID/functions/license/Get-PSEntraIDUserLicense.ps1 /workspaces/PSMicrosoftEntraID/src/PSMicrosoftEntraID/functions/license/Get-PSEntraIDUserLicenseDetail.ps1 /workspaces/PSMicrosoftEntraID/src/PSMicrosoftEntraID/functions/organization/Get-PSEntraIDOrganization.ps1 /workspaces/PSMicrosoftEntraID/src/PSMicrosoftEntraID/functions/organization/Get-PSEntraIDUsageLocation.ps1 /workspaces/PSMicrosoftEntraID/src/PSMicrosoftEntraID/functions/serviceannouncement/Get-PSEntraIDMessageCenter.ps1 /workspaces/PSMicrosoftEntraID/src/PSMicrosoftEntraID/functions/user/Compare-PSEntraIDUserList.ps1 /workspaces/PSMicrosoftEntraID/src/PSMicrosoftEntraID/functions/user/Get-PSEntraIDUser.ps1 /workspaces/PSMicrosoftEntraID/src/PSMicrosoftEntraID/functions/user/Get-PSEntraIDUserGuest.ps1 /workspaces/PSMicrosoftEntraID/src/PSMicrosoftEntraID/functions/user/Get-PSEntraIDUserMemberOf.ps1 /workspaces/PSMicrosoftEntraID/src/PSMicrosoftEntraID/functions/user/New-PSEntraIDInvitation.ps1 /workspaces/PSMicrosoftEntraID/src/PSMicrosoftEntraID/functions/user/New-PSEntraIDUser.ps1 /workspaces/PSMicrosoftEntraID/src/PSMicrosoftEntraID/functions/user/Remove-PSEntraIDUser.ps1 /workspaces/PSMicrosoftEntraID/src/PSMicrosoftEntraID/functions/user/Set-PSEntraIDUser.ps1 /workspaces/PSMicrosoftEntraID/src/PSMicrosoftEntraID/functions/user/Set-PSEntraIDUserUsageLocation.ps1)" time="0.0132" asserts="0" success="True" result="Success" executed="True" />
                    </results>
                  </test-suite>
                </results>
              </test-suite>
              <test-suite type="TestFixture" name="Validating the module manifest.Individual file validation" executed="True" result="Success" success="True" time="0.6251" asserts="0" description="Validating the module manifest.Individual file validation">
                <results>
                  <test-suite type="ParameterizedTest" name="Validating the module manifest.Individual file validation.The root module file exists" executed="True" result="Success" success="True" time="0.0061" asserts="0" description="The root module file exists">
                    <results>
                      <test-case description="The root module file exists" name="Validating the module manifest.Individual file validation.The root module file exists(&quot;/workspaces/PSMicrosoftEntraID/src/PSMicrosoftEntraID&quot;,System.Collections.Hashtable)" time="0.0061" asserts="0" success="True" result="Success" executed="True" />
                    </results>
                  </test-suite>
                  <test-suite type="ParameterizedTest" name="Validating the module manifest.Individual file validation.The file views\PSMicrosoftEntraID.Format.ps1xml should exist" executed="True" result="Success" success="True" time="0.0072" asserts="0" description="The file views\PSMicrosoftEntraID.Format.ps1xml should exist">
                    <results>
                      <test-case description="The file views\PSMicrosoftEntraID.Format.ps1xml should exist" name="Validating the module manifest.Individual file validation.The file views\PSMicrosoftEntraID.Format.ps1xml should exist(&quot;/workspaces/PSMicrosoftEntraID/src/PSMicrosoftEntraID&quot;,&quot;views\PSMicrosoftEntraID.Format.ps1xml&quot;)" time="0.0072" asserts="0" success="True" result="Success" executed="True" />
                    </results>
                  </test-suite>
                  <test-suite type="ParameterizedTest" name="Validating the module manifest.Individual file validation.The file types\PSMicrosoftEntraID.Types.ps1xml should exist" executed="True" result="Success" success="True" time="0.0074" asserts="0" description="The file types\PSMicrosoftEntraID.Types.ps1xml should exist">
                    <results>
                      <test-case description="The file types\PSMicrosoftEntraID.Types.ps1xml should exist" name="Validating the module manifest.Individual file validation.The file types\PSMicrosoftEntraID.Types.ps1xml should exist(&quot;/workspaces/PSMicrosoftEntraID/src/PSMicrosoftEntraID&quot;,&quot;types\PSMicrosoftEntraID.Types.ps1xml&quot;)" time="0.0074" asserts="0" success="True" result="Success" executed="True" />
                    </results>
                  </test-suite>
                  <test-suite type="ParameterizedTest" name="Validating the module manifest.Individual file validation.The file bin\PSMicrosoftEntraID.dll should exist" executed="True" result="Success" success="True" time="0.0031" asserts="0" description="The file bin\PSMicrosoftEntraID.dll should exist">
                    <results>
                      <test-case description="The file bin\PSMicrosoftEntraID.dll should exist" name="Validating the module manifest.Individual file validation.The file bin\PSMicrosoftEntraID.dll should exist(&quot;/workspaces/PSMicrosoftEntraID/src/PSMicrosoftEntraID&quot;,&quot;bin\PSMicrosoftEntraID.dll&quot;)" time="0.0031" asserts="0" success="True" result="Success" executed="True" />
                    </results>
                  </test-suite>
                  <test-suite type="ParameterizedTest" name="Validating the module manifest.Individual file validation.Tags should have no spaces in name" executed="True" result="Success" success="True" time="0.0147" asserts="0" description="Tags should have no spaces in name">
                    <results>
                      <test-case description="Tags should have no spaces in name" name="Validating the module manifest.Individual file validation.Tags should have no spaces in name(&quot;Rest&quot;)" time="0.0074" asserts="0" success="True" result="Success" executed="True" />
                      <test-case description="Tags should have no spaces in name" name="Validating the module manifest.Individual file validation.Tags should have no spaces in name(&quot;Azure&quot;)" time="0.0018" asserts="0" success="True" result="Success" executed="True" />
                      <test-case description="Tags should have no spaces in name" name="Validating the module manifest.Individual file validation.Tags should have no spaces in name(&quot;AzureActiveDirectory&quot;)" time="0.0016" asserts="0" success="True" result="Success" executed="True" />
                      <test-case description="Tags should have no spaces in name" name="Validating the module manifest.Individual file validation.Tags should have no spaces in name(&quot;MicrosoftEntra&quot;)" time="0.0013" asserts="0" success="True" result="Success" executed="True" />
                      <test-case description="Tags should have no spaces in name" name="Validating the module manifest.Individual file validation.Tags should have no spaces in name(&quot;MicrosoftEntraID&quot;)" time="0.0026" asserts="0" success="True" result="Success" executed="True" />
                    </results>
                  </test-suite>
                </results>
              </test-suite>
            </results>
          </test-suite>
        </results>
      </test-suite>
    </results>
  </test-suite>
</test-results>