<?xml version="1.0" encoding="utf-8" standalone="no"?>
<test-results xmlns:xsi="http://www.w3.org/2001/XMLSchema-instance" xsi:noNamespaceSchemaLocation="nunit_schema_2.5.xsd" name="Pester" total="6" errors="0" failures="0" not-run="0" inconclusive="0" ignored="0" skipped="0" invalid="0" date="2026-04-22" time="06:56:35">
  <environment user-domain="" platform="Linux" clr-version="9.0.1" machine-name="cfd01f1abd0b" user="root" nunit-version="2.5.8.0" os-version="6.6.87.2-microsoft-standard-WSL2" cwd="/workspaces/PSMicrosoftEntraID/src/tests" />
  <culture-info current-culture="en-US" current-uiculture="en-US" />
  <test-suite type="TestFixture" name="Pester" executed="True" result="Success" success="True" time="12.6356" asserts="0" description="Pester">
    <results>
      <test-suite type="TestFixture" name="/workspaces/PSMicrosoftEntraID/src/tests/general/Tepp.Tests.ps1" executed="True" result="Success" success="True" time="12.6356" asserts="0" description="/workspaces/PSMicrosoftEntraID/src/tests/general/Tepp.Tests.ps1">
        <results>
          <test-suite type="TestFixture" name="TEPP Completion Scriptblocks" executed="True" result="Success" success="True" time="0.4153" asserts="0" description="TEPP Completion Scriptblocks">
            <results>
              <test-suite type="TestFixture" name="TEPP Completion Scriptblocks.Public Functions" executed="True" result="Success" success="True" time="0.3536" asserts="0" description="TEPP Completion Scriptblocks.Public Functions">
                <results>
                  <test-case description="Get-PSEntraIDSubscribedLicense returns data" name="TEPP Completion Scriptblocks.Public Functions.Get-PSEntraIDSubscribedLicense returns data" time="0.118" asserts="0" success="True" result="Success" executed="True" />
                  <test-case description="Get-PSEntraIDUsageLocation returns CZ for Czech Republic" name="TEPP Completion Scriptblocks.Public Functions.Get-PSEntraIDUsageLocation returns CZ for Czech Republic" time="0.054" asserts="0" success="True" result="Success" executed="True" />
                </results>
              </test-suite>
              <test-suite type="TestFixture" name="TEPP Completion Scriptblocks.TEPP Scriptblocks" executed="True" result="Success" success="True" time="0.3794" asserts="0" description="TEPP Completion Scriptblocks.TEPP Scriptblocks">
                <results>
                  <test-case description="subscribed.skuid scriptblock is registered" name="TEPP Completion Scriptblocks.TEPP Scriptblocks.subscribed.skuid scriptblock is registered" time="0.0063" asserts="0" success="True" result="Success" executed="True" />
                  <test-case description="subscribed.serviceplanid scriptblock is registered" name="TEPP Completion Scriptblocks.TEPP Scriptblocks.subscribed.serviceplanid scriptblock is registered" time="0.0104" asserts="0" success="True" result="Success" executed="True" />
                  <test-case description="user.usagelocationcode scriptblock is registered" name="TEPP Completion Scriptblocks.TEPP Scriptblocks.user.usagelocationcode scriptblock is registered" time="0.0019" asserts="0" success="True" result="Success" executed="True" />
                  <test-case description="user.usagelocationcountry scriptblock is registered" name="TEPP Completion Scriptblocks.TEPP Scriptblocks.user.usagelocationcountry scriptblock is registered" time="0.0022" asserts="0" success="True" result="Success" executed="True" />
                </results>
              </test-suite>
            </results>
          </test-suite>
        </results>
      </test-suite>
    </results>
  </test-suite>
</test-results>