<?xml version="1.0" encoding="utf-8" standalone="no"?>
<test-results xmlns:xsi="http://www.w3.org/2001/XMLSchema-instance" xsi:noNamespaceSchemaLocation="nunit_schema_2.5.xsd" name="Pester" total="4" errors="0" failures="0" not-run="0" inconclusive="0" ignored="0" skipped="0" invalid="0" date="2026-04-22" time="10:33:02">
  <environment cwd="/workspaces/PSMicrosoftEntraID/src/tests" platform="Linux" os-version="6.6.87.2-microsoft-standard-WSL2" user="root" machine-name="cfd01f1abd0b" user-domain="" clr-version="9.0.1" nunit-version="2.5.8.0" />
  <culture-info current-culture="en-US" current-uiculture="en-US" />
  <test-suite type="TestFixture" name="Pester" executed="True" result="Success" success="True" time="16.5643" asserts="0" description="Pester">
    <results>
      <test-suite type="TestFixture" name="/workspaces/PSMicrosoftEntraID/src/tests/functions/authentication/Connect-PSMicrosoftEntraID.Tests.ps1" executed="True" result="Success" success="True" time="16.5643" asserts="0" description="/workspaces/PSMicrosoftEntraID/src/tests/functions/authentication/Connect-PSMicrosoftEntraID.Tests.ps1">
        <results>
          <test-suite type="TestFixture" name="Connect-PSMicrosoftEntraID" executed="True" result="Success" success="True" time="0.3251" asserts="0" description="Connect-PSMicrosoftEntraID">
            <results>
              <test-suite type="TestFixture" name="Connect-PSMicrosoftEntraID.Parameter Validation" executed="True" result="Success" success="True" time="0.0279" asserts="0" description="Connect-PSMicrosoftEntraID.Parameter Validation">
                <results>
                  <test-case description="Should include core parameter sets" name="Connect-PSMicrosoftEntraID.Parameter Validation.Should include core parameter sets" time="0.0243" asserts="0" success="True" result="Success" executed="True" />
                </results>
              </test-suite>
              <test-suite type="TestFixture" name="Connect-PSMicrosoftEntraID.Happy path" executed="True" result="Success" success="True" time="0.1919" asserts="0" description="Connect-PSMicrosoftEntraID.Happy path">
                <results>
                  <test-case description="Should connect and cache subscribed SKUs" name="Connect-PSMicrosoftEntraID.Happy path.Should connect and cache subscribed SKUs" time="0.1311" asserts="0" success="True" result="Success" executed="True" />
                  <test-case description="Should set default service config" name="Connect-PSMicrosoftEntraID.Happy path.Should set default service config" time="0.0296" asserts="0" success="True" result="Success" executed="True" />
                </results>
              </test-suite>
              <test-suite type="TestFixture" name="Connect-PSMicrosoftEntraID.Error handling" executed="True" result="Success" success="True" time="0.2265" asserts="0" description="Connect-PSMicrosoftEntraID.Error handling">
                <results>
                  <test-case description="Should terminate when Connect-EntraService fails" name="Connect-PSMicrosoftEntraID.Error handling.Should terminate when Connect-EntraService fails" time="0.0308" asserts="0" success="True" result="Success" executed="True" />
                </results>
              </test-suite>
            </results>
          </test-suite>
        </results>
      </test-suite>
    </results>
  </test-suite>
</test-results>