<?xml version="1.0" encoding="utf-8" standalone="no"?>
<test-results xmlns:xsi="http://www.w3.org/2001/XMLSchema-instance" xsi:noNamespaceSchemaLocation="nunit_schema_2.5.xsd" name="Pester" total="28" errors="0" failures="0" not-run="0" inconclusive="0" ignored="0" skipped="0" invalid="0" date="2026-04-22" time="10:32:40">
  <environment cwd="/workspaces/PSMicrosoftEntraID/src/tests" platform="Linux" os-version="6.6.87.2-microsoft-standard-WSL2" user="root" machine-name="cfd01f1abd0b" user-domain="" clr-version="9.0.1" nunit-version="2.5.8.0" />
  <culture-info current-culture="en-US" current-uiculture="en-US" />
  <test-suite type="TestFixture" name="Pester" executed="True" result="Success" success="True" time="0.6474" asserts="0" description="Pester">
    <results>
      <test-suite type="TestFixture" name="/workspaces/PSMicrosoftEntraID/src/tests/functions/administrativeunit/New-PSEntraIDAdministrativeUnit.Tests.ps1" executed="True" result="Success" success="True" time="0.6474" asserts="0" description="/workspaces/PSMicrosoftEntraID/src/tests/functions/administrativeunit/New-PSEntraIDAdministrativeUnit.Tests.ps1">
        <results>
          <test-suite type="TestFixture" name="New-PSEntraIDAdministrativeUnit" executed="True" result="Success" success="True" time="0.5691" asserts="0" description="New-PSEntraIDAdministrativeUnit">
            <results>
              <test-suite type="TestFixture" name="New-PSEntraIDAdministrativeUnit.Parameter Validation" executed="True" result="Success" success="True" time="0.0435" asserts="0" description="New-PSEntraIDAdministrativeUnit.Parameter Validation">
                <results>
                  <test-case description="Should have mandatory DisplayName parameter" name="New-PSEntraIDAdministrativeUnit.Parameter Validation.Should have mandatory DisplayName parameter" time="0.0055" asserts="0" success="True" result="Success" executed="True" />
                  <test-case description="Should accept pipeline input for DisplayName" name="New-PSEntraIDAdministrativeUnit.Parameter Validation.Should accept pipeline input for DisplayName" time="0.0057" asserts="0" success="True" result="Success" executed="True" />
                  <test-case description="Should have optional Description parameter" name="New-PSEntraIDAdministrativeUnit.Parameter Validation.Should have optional Description parameter" time="0.0031" asserts="0" success="True" result="Success" executed="True" />
                  <test-case description="Should validate Visibility parameter values" name="New-PSEntraIDAdministrativeUnit.Parameter Validation.Should validate Visibility parameter values" time="0.006" asserts="0" success="True" result="Success" executed="True" />
                  <test-case description="Should have bool IsMemberManagementRestricted parameter with default false" name="New-PSEntraIDAdministrativeUnit.Parameter Validation.Should have bool IsMemberManagementRestricted parameter with default false" time="0.0155" asserts="0" success="True" result="Success" executed="True" />
                  <test-case description="Should have PassThru switch parameter" name="New-PSEntraIDAdministrativeUnit.Parameter Validation.Should have PassThru switch parameter" time="0.0036" asserts="0" success="True" result="Success" executed="True" />
                </results>
              </test-suite>
              <test-suite type="TestFixture" name="New-PSEntraIDAdministrativeUnit.Create administrative unit with required parameters" executed="True" result="Success" success="True" time="0.1734" asserts="0" description="New-PSEntraIDAdministrativeUnit.Create administrative unit with required parameters">
                <results>
                  <test-case description="Should call API with correct path" name="New-PSEntraIDAdministrativeUnit.Create administrative unit with required parameters.Should call API with correct path" time="0.0352" asserts="0" success="True" result="Success" executed="True" />
                  <test-case description="Should use POST method" name="New-PSEntraIDAdministrativeUnit.Create administrative unit with required parameters.Should use POST method" time="0.0184" asserts="0" success="True" result="Success" executed="True" />
                  <test-case description="Should call API with correct body structure" name="New-PSEntraIDAdministrativeUnit.Create administrative unit with required parameters.Should call API with correct body structure" time="0.0257" asserts="0" success="True" result="Success" executed="True" />
                  <test-case description="Should include Content-Type header" name="New-PSEntraIDAdministrativeUnit.Create administrative unit with required parameters.Should include Content-Type header" time="0.0221" asserts="0" success="True" result="Success" executed="True" />
                  <test-case description="Should execute the create operation" name="New-PSEntraIDAdministrativeUnit.Create administrative unit with required parameters.Should execute the create operation" time="0.0249" asserts="0" success="True" result="Success" executed="True" />
                </results>
              </test-suite>
              <test-suite type="TestFixture" name="New-PSEntraIDAdministrativeUnit.Create administrative unit with all parameters" executed="True" result="Success" success="True" time="0.2526" asserts="0" description="New-PSEntraIDAdministrativeUnit.Create administrative unit with all parameters">
                <results>
                  <test-case description="Should include description in body when specified" name="New-PSEntraIDAdministrativeUnit.Create administrative unit with all parameters.Should include description in body when specified" time="0.0201" asserts="0" success="True" result="Success" executed="True" />
                  <test-case description="Should include visibility in body when specified" name="New-PSEntraIDAdministrativeUnit.Create administrative unit with all parameters.Should include visibility in body when specified" time="0.0204" asserts="0" success="True" result="Success" executed="True" />
                  <test-case description="Should set IsMemberManagementRestricted to true when specified" name="New-PSEntraIDAdministrativeUnit.Create administrative unit with all parameters.Should set IsMemberManagementRestricted to true when specified" time="0.0178" asserts="0" success="True" result="Success" executed="True" />
                  <test-case description="Should create AU with all parameters" name="New-PSEntraIDAdministrativeUnit.Create administrative unit with all parameters.Should create AU with all parameters" time="0.0176" asserts="0" success="True" result="Success" executed="True" />
                </results>
              </test-suite>
              <test-suite type="TestFixture" name="New-PSEntraIDAdministrativeUnit.PassThru parameter" executed="True" result="Success" success="True" time="0.2961" asserts="0" description="New-PSEntraIDAdministrativeUnit.PassThru parameter">
                <results>
                  <test-case description="Should return batch request when PassThru is specified" name="New-PSEntraIDAdministrativeUnit.PassThru parameter.Should return batch request when PassThru is specified" time="0.0156" asserts="0" success="True" result="Success" executed="True" />
                  <test-case description="Should not call Invoke-EntraRequest when PassThru is specified" name="New-PSEntraIDAdministrativeUnit.PassThru parameter.Should not call Invoke-EntraRequest when PassThru is specified" time="0.0134" asserts="0" success="True" result="Success" executed="True" />
                  <test-case description="Should include body in batch request" name="New-PSEntraIDAdministrativeUnit.PassThru parameter.Should include body in batch request" time="0.0117" asserts="0" success="True" result="Success" executed="True" />
                </results>
              </test-suite>
              <test-suite type="TestFixture" name="New-PSEntraIDAdministrativeUnit.WhatIf and Confirm support" executed="True" result="Success" success="True" time="0.3224" asserts="0" description="New-PSEntraIDAdministrativeUnit.WhatIf and Confirm support">
                <results>
                  <test-case description="Should support WhatIf" name="New-PSEntraIDAdministrativeUnit.WhatIf and Confirm support.Should support WhatIf" time="0.0033" asserts="0" success="True" result="Success" executed="True" />
                  <test-case description="Should support Confirm" name="New-PSEntraIDAdministrativeUnit.WhatIf and Confirm support.Should support Confirm" time="0.0027" asserts="0" success="True" result="Success" executed="True" />
                  <test-case description="Should use Invoke-PSFProtectedCommand for confirmation" name="New-PSEntraIDAdministrativeUnit.WhatIf and Confirm support.Should use Invoke-PSFProtectedCommand for confirmation" time="0.0174" asserts="0" success="True" result="Success" executed="True" />
                </results>
              </test-suite>
              <test-suite type="TestFixture" name="New-PSEntraIDAdministrativeUnit.Pipeline input" executed="True" result="Success" success="True" time="0.371" asserts="0" description="New-PSEntraIDAdministrativeUnit.Pipeline input">
                <results>
                  <test-case description="Should process pipeline input from DisplayName property" name="New-PSEntraIDAdministrativeUnit.Pipeline input.Should process pipeline input from DisplayName property" time="0.0181" asserts="0" success="True" result="Success" executed="True" />
                  <test-case description="Should process multiple objects from pipeline" name="New-PSEntraIDAdministrativeUnit.Pipeline input.Should process multiple objects from pipeline" time="0.0276" asserts="0" success="True" result="Success" executed="True" />
                </results>
              </test-suite>
              <test-suite type="TestFixture" name="New-PSEntraIDAdministrativeUnit.Error handling" executed="True" result="Success" success="True" time="0.4426" asserts="0" description="New-PSEntraIDAdministrativeUnit.Error handling">
                <results>
                  <test-case description="Should call Assert-EntraConnection" name="New-PSEntraIDAdministrativeUnit.Error handling.Should call Assert-EntraConnection" time="0.0189" asserts="0" success="True" result="Success" executed="True" />
                  <test-case description="Should use retry configuration" name="New-PSEntraIDAdministrativeUnit.Error handling.Should use retry configuration" time="0.0272" asserts="0" success="True" result="Success" executed="True" />
                  <test-case description="Should use Force switch correctly" name="New-PSEntraIDAdministrativeUnit.Error handling.Should use Force switch correctly" time="0.0221" asserts="0" success="True" result="Success" executed="True" />
                </results>
              </test-suite>
              <test-suite type="TestFixture" name="New-PSEntraIDAdministrativeUnit.WhatIf execution" executed="True" result="Success" success="True" time="0.4682" asserts="0" description="New-PSEntraIDAdministrativeUnit.WhatIf execution">
                <results>
                  <test-case description="Should not invoke Invoke-EntraRequest when -WhatIf is specified" name="New-PSEntraIDAdministrativeUnit.WhatIf execution.Should not invoke Invoke-EntraRequest when -WhatIf is specified" time="0.0213" asserts="0" success="True" result="Success" executed="True" />
                </results>
              </test-suite>
              <test-suite type="TestFixture" name="New-PSEntraIDAdministrativeUnit.Pipeline input with typed object" executed="True" result="Success" success="True" time="0.4965" asserts="0" description="New-PSEntraIDAdministrativeUnit.Pipeline input with typed object">
                <results>
                  <test-case description="Should accept pipeline input and invoke Invoke-PSFProtectedCommand" name="New-PSEntraIDAdministrativeUnit.Pipeline input with typed object.Should accept pipeline input and invoke Invoke-PSFProtectedCommand" time="0.0257" asserts="0" success="True" result="Success" executed="True" />
                </results>
              </test-suite>
            </results>
          </test-suite>
        </results>
      </test-suite>
    </results>
  </test-suite>
</test-results>