<?xml version="1.0" encoding="utf-8" standalone="no"?>
<test-results xmlns:xsi="http://www.w3.org/2001/XMLSchema-instance" xsi:noNamespaceSchemaLocation="nunit_schema_2.5.xsd" name="Pester" total="35" errors="0" failures="0" not-run="0" inconclusive="0" ignored="0" skipped="0" invalid="0" date="2026-04-22" time="07:05:43">
  <environment user-domain="" platform="Linux" clr-version="9.0.1" machine-name="cfd01f1abd0b" user="root" nunit-version="2.5.8.0" os-version="6.6.87.2-microsoft-standard-WSL2" cwd="/workspaces/PSMicrosoftEntraID/src/tests" />
  <culture-info current-culture="en-US" current-uiculture="en-US" />
  <test-suite type="TestFixture" name="Pester" executed="True" result="Success" success="True" time="1.3416" asserts="0" description="Pester">
    <results>
      <test-suite type="TestFixture" name="/workspaces/PSMicrosoftEntraID/src/tests/functions/license/Enable-PSEntraIDUserLicenseServicePlan.Tests.ps1" executed="True" result="Success" success="True" time="1.3416" asserts="0" description="/workspaces/PSMicrosoftEntraID/src/tests/functions/license/Enable-PSEntraIDUserLicenseServicePlan.Tests.ps1">
        <results>
          <test-suite type="TestFixture" name="Enable-PSEntraIDUserLicenseServicePlan" executed="True" result="Success" success="True" time="1.2156" asserts="0" description="Enable-PSEntraIDUserLicenseServicePlan">
            <results>
              <test-suite type="TestFixture" name="Enable-PSEntraIDUserLicenseServicePlan.Parameter Validation" executed="True" result="Success" success="True" time="0.0307" asserts="0" description="Enable-PSEntraIDUserLicenseServicePlan.Parameter Validation">
                <results>
                  <test-case description="Should have mandatory InputObject parameter" name="Enable-PSEntraIDUserLicenseServicePlan.Parameter Validation.Should have mandatory InputObject parameter" time="0.0047" asserts="0" success="True" result="Success" executed="True" />
                  <test-case description="Should have mandatory Identity parameter" name="Enable-PSEntraIDUserLicenseServicePlan.Parameter Validation.Should have mandatory Identity parameter" time="0.0032" asserts="0" success="True" result="Success" executed="True" />
                  <test-case description="Should accept string for SkuId parameter" name="Enable-PSEntraIDUserLicenseServicePlan.Parameter Validation.Should accept string for SkuId parameter" time="0.0025" asserts="0" success="True" result="Success" executed="True" />
                  <test-case description="Should accept string for SkuPartNumber parameter" name="Enable-PSEntraIDUserLicenseServicePlan.Parameter Validation.Should accept string for SkuPartNumber parameter" time="0.0104" asserts="0" success="True" result="Success" executed="True" />
                  <test-case description="Should accept string array for ServicePlanId parameter" name="Enable-PSEntraIDUserLicenseServicePlan.Parameter Validation.Should accept string array for ServicePlanId parameter" time="0.0025" asserts="0" success="True" result="Success" executed="True" />
                  <test-case description="Should accept string array for ServicePlanName parameter" name="Enable-PSEntraIDUserLicenseServicePlan.Parameter Validation.Should accept string array for ServicePlanName parameter" time="0.0038" asserts="0" success="True" result="Success" executed="True" />
                </results>
              </test-suite>
              <test-suite type="TestFixture" name="Enable-PSEntraIDUserLicenseServicePlan.Enable service plan with SkuId and ServicePlanId" executed="True" result="Success" success="True" time="0.216" asserts="0" description="Enable-PSEntraIDUserLicenseServicePlan.Enable service plan with SkuId and ServicePlanId">
                <results>
                  <test-case description="Should enable service plan" name="Enable-PSEntraIDUserLicenseServicePlan.Enable service plan with SkuId and ServicePlanId.Should enable service plan" time="0.0426" asserts="0" success="True" result="Success" executed="True" />
                  <test-case description="Should call Get-PSEntraIDUserLicenseDetail" name="Enable-PSEntraIDUserLicenseServicePlan.Enable service plan with SkuId and ServicePlanId.Should call Get-PSEntraIDUserLicenseDetail" time="0.0228" asserts="0" success="True" result="Success" executed="True" />
                  <test-case description="Should call API with correct body structure" name="Enable-PSEntraIDUserLicenseServicePlan.Enable service plan with SkuId and ServicePlanId.Should call API with correct body structure" time="0.0318" asserts="0" success="True" result="Success" executed="True" />
                  <test-case description="Should remove specified plan from disabled list" name="Enable-PSEntraIDUserLicenseServicePlan.Enable service plan with SkuId and ServicePlanId.Should remove specified plan from disabled list" time="0.023" asserts="0" success="True" result="Success" executed="True" />
                  <test-case description="Should preserve other disabled plans" name="Enable-PSEntraIDUserLicenseServicePlan.Enable service plan with SkuId and ServicePlanId.Should preserve other disabled plans" time="0.0183" asserts="0" success="True" result="Success" executed="True" />
                  <test-case description="Should handle multiple service plans" name="Enable-PSEntraIDUserLicenseServicePlan.Enable service plan with SkuId and ServicePlanId.Should handle multiple service plans" time="0.0321" asserts="0" success="True" result="Success" executed="True" />
                </results>
              </test-suite>
              <test-suite type="TestFixture" name="Enable-PSEntraIDUserLicenseServicePlan.Enable service plan with SkuPartNumber and ServicePlanName" executed="True" result="Success" success="True" time="0.3307" asserts="0" description="Enable-PSEntraIDUserLicenseServicePlan.Enable service plan with SkuPartNumber and ServicePlanName">
                <results>
                  <test-case description="Should enable service plan using names" name="Enable-PSEntraIDUserLicenseServicePlan.Enable service plan with SkuPartNumber and ServicePlanName.Should enable service plan using names" time="0.0282" asserts="0" success="True" result="Success" executed="True" />
                  <test-case description="Should call Get-PSEntraIDSubscribedSku to resolve names" name="Enable-PSEntraIDUserLicenseServicePlan.Enable service plan with SkuPartNumber and ServicePlanName.Should call Get-PSEntraIDSubscribedSku to resolve names" time="0.0239" asserts="0" success="True" result="Success" executed="True" />
                  <test-case description="Should handle SkuPartNumber with forward slash" name="Enable-PSEntraIDUserLicenseServicePlan.Enable service plan with SkuPartNumber and ServicePlanName.Should handle SkuPartNumber with forward slash" time="0.0439" asserts="0" success="True" result="Success" executed="True" />
                </results>
              </test-suite>
              <test-suite type="TestFixture" name="Enable-PSEntraIDUserLicenseServicePlan.Pipeline and Identity parameter tests" executed="True" result="Success" success="True" time="0.4956" asserts="0" description="Enable-PSEntraIDUserLicenseServicePlan.Pipeline and Identity parameter tests">
                <results>
                  <test-case description="Should process pipeline input with InputObject" name="Enable-PSEntraIDUserLicenseServicePlan.Pipeline and Identity parameter tests.Should process pipeline input with InputObject" time="0.1081" asserts="0" success="True" result="Success" executed="True" />
                  <test-case description="Should process multiple identities via Identity parameter" name="Enable-PSEntraIDUserLicenseServicePlan.Pipeline and Identity parameter tests.Should process multiple identities via Identity parameter" time="0.0362" asserts="0" success="True" result="Success" executed="True" />
                </results>
              </test-suite>
              <test-suite type="TestFixture" name="Enable-PSEntraIDUserLicenseServicePlan.Enable service plan when user does not have the license" executed="True" result="Success" success="True" time="0.5907" asserts="0" description="Enable-PSEntraIDUserLicenseServicePlan.Enable service plan when user does not have the license">
                <results>
                  <test-case description="Should call Get-PSEntraIDSubscribedLicense when user has no license" name="Enable-PSEntraIDUserLicenseServicePlan.Enable service plan when user does not have the license.Should call Get-PSEntraIDSubscribedLicense when user has no license" time="0.0469" asserts="0" success="True" result="Success" executed="True" />
                  <test-case description="Should get all service plans from subscribed license" name="Enable-PSEntraIDUserLicenseServicePlan.Enable service plan when user does not have the license.Should get all service plans from subscribed license" time="0.0339" asserts="0" success="True" result="Success" executed="True" />
                </results>
              </test-suite>
              <test-suite type="TestFixture" name="Enable-PSEntraIDUserLicenseServicePlan.Enable service plan with Identity parameter" executed="True" result="Success" success="True" time="0.6773" asserts="0" description="Enable-PSEntraIDUserLicenseServicePlan.Enable service plan with Identity parameter">
                <results>
                  <test-case description="Should call Get-PSEntraIDUser" name="Enable-PSEntraIDUserLicenseServicePlan.Enable service plan with Identity parameter.Should call Get-PSEntraIDUser" time="0.0272" asserts="0" success="True" result="Success" executed="True" />
                  <test-case description="Should enable service plan for retrieved user" name="Enable-PSEntraIDUserLicenseServicePlan.Enable service plan with Identity parameter.Should enable service plan for retrieved user" time="0.0188" asserts="0" success="True" result="Success" executed="True" />
                  <test-case description="Should handle when user is not found" name="Enable-PSEntraIDUserLicenseServicePlan.Enable service plan with Identity parameter.Should handle when user is not found" time="0.0174" asserts="0" success="True" result="Success" executed="True" />
                </results>
              </test-suite>
              <test-suite type="TestFixture" name="Enable-PSEntraIDUserLicenseServicePlan.PassThru parameter" executed="True" result="Success" success="True" time="0.7205" asserts="0" description="Enable-PSEntraIDUserLicenseServicePlan.PassThru parameter">
                <results>
                  <test-case description="Should return batch request when PassThru is specified" name="Enable-PSEntraIDUserLicenseServicePlan.PassThru parameter.Should return batch request when PassThru is specified" time="0.0096" asserts="0" success="True" result="Success" executed="True" />
                  <test-case description="Should not call Invoke-EntraRequest when PassThru is specified" name="Enable-PSEntraIDUserLicenseServicePlan.PassThru parameter.Should not call Invoke-EntraRequest when PassThru is specified" time="0.017" asserts="0" success="True" result="Success" executed="True" />
                </results>
              </test-suite>
              <test-suite type="TestFixture" name="Enable-PSEntraIDUserLicenseServicePlan.Edge cases" executed="True" result="Success" success="True" time="0.7685" asserts="0" description="Enable-PSEntraIDUserLicenseServicePlan.Edge cases">
                <results>
                  <test-case description="Should handle empty disabled plans list" name="Enable-PSEntraIDUserLicenseServicePlan.Edge cases.Should handle empty disabled plans list" time="0.0258" asserts="0" success="True" result="Success" executed="True" />
                </results>
              </test-suite>
              <test-suite type="TestFixture" name="Enable-PSEntraIDUserLicenseServicePlan.IdentitySkuPartNumberPlanName parameter set" executed="True" result="Success" success="True" time="0.8411" asserts="0" description="Enable-PSEntraIDUserLicenseServicePlan.IdentitySkuPartNumberPlanName parameter set">
                <results>
                  <test-case description="Should enable service plan using Identity, SkuPartNumber, and ServicePlanName" name="Enable-PSEntraIDUserLicenseServicePlan.IdentitySkuPartNumberPlanName parameter set.Should enable service plan using Identity, SkuPartNumber, and ServicePlanName" time="0.0257" asserts="0" success="True" result="Success" executed="True" />
                  <test-case description="Should resolve user via Get-PSEntraIDUser" name="Enable-PSEntraIDUserLicenseServicePlan.IdentitySkuPartNumberPlanName parameter set.Should resolve user via Get-PSEntraIDUser" time="0.0279" asserts="0" success="True" result="Success" executed="True" />
                </results>
              </test-suite>
              <test-suite type="TestFixture" name="Enable-PSEntraIDUserLicenseServicePlan.IdentitySkuPartNumberPlanId parameter set" executed="True" result="Success" success="True" time="0.9185" asserts="0" description="Enable-PSEntraIDUserLicenseServicePlan.IdentitySkuPartNumberPlanId parameter set">
                <results>
                  <test-case description="Should enable service plan using Identity, SkuPartNumber, and ServicePlanId" name="Enable-PSEntraIDUserLicenseServicePlan.IdentitySkuPartNumberPlanId parameter set.Should enable service plan using Identity, SkuPartNumber, and ServicePlanId" time="0.0339" asserts="0" success="True" result="Success" executed="True" />
                  <test-case description="Should resolve user via Get-PSEntraIDUser" name="Enable-PSEntraIDUserLicenseServicePlan.IdentitySkuPartNumberPlanId parameter set.Should resolve user via Get-PSEntraIDUser" time="0.0276" asserts="0" success="True" result="Success" executed="True" />
                </results>
              </test-suite>
              <test-suite type="TestFixture" name="Enable-PSEntraIDUserLicenseServicePlan.IdentitySkuIdServicePlanName parameter set" executed="True" result="Success" success="True" time="1.0106" asserts="0" description="Enable-PSEntraIDUserLicenseServicePlan.IdentitySkuIdServicePlanName parameter set">
                <results>
                  <test-case description="Should enable service plan using Identity, SkuId, and ServicePlanName" name="Enable-PSEntraIDUserLicenseServicePlan.IdentitySkuIdServicePlanName parameter set.Should enable service plan using Identity, SkuId, and ServicePlanName" time="0.0301" asserts="0" success="True" result="Success" executed="True" />
                  <test-case description="Should resolve user via Get-PSEntraIDUser" name="Enable-PSEntraIDUserLicenseServicePlan.IdentitySkuIdServicePlanName parameter set.Should resolve user via Get-PSEntraIDUser" time="0.0354" asserts="0" success="True" result="Success" executed="True" />
                </results>
              </test-suite>
              <test-suite type="TestFixture" name="Enable-PSEntraIDUserLicenseServicePlan.InputObjectSkuIdServicePlanName parameter set" executed="True" result="Success" success="True" time="1.0907" asserts="0" description="Enable-PSEntraIDUserLicenseServicePlan.InputObjectSkuIdServicePlanName parameter set">
                <results>
                  <test-case description="Should enable service plan using InputObject, SkuId, and ServicePlanName" name="Enable-PSEntraIDUserLicenseServicePlan.InputObjectSkuIdServicePlanName parameter set.Should enable service plan using InputObject, SkuId, and ServicePlanName" time="0.042" asserts="0" success="True" result="Success" executed="True" />
                  <test-case description="Should call Invoke-EntraRequest" name="Enable-PSEntraIDUserLicenseServicePlan.InputObjectSkuIdServicePlanName parameter set.Should call Invoke-EntraRequest" time="0.0263" asserts="0" success="True" result="Success" executed="True" />
                </results>
              </test-suite>
              <test-suite type="TestFixture" name="Enable-PSEntraIDUserLicenseServicePlan.InputObjectSkuPartNumberPlanId parameter set" executed="True" result="Success" success="True" time="1.1736" asserts="0" description="Enable-PSEntraIDUserLicenseServicePlan.InputObjectSkuPartNumberPlanId parameter set">
                <results>
                  <test-case description="Should enable service plan using InputObject, SkuPartNumber, and ServicePlanId" name="Enable-PSEntraIDUserLicenseServicePlan.InputObjectSkuPartNumberPlanId parameter set.Should enable service plan using InputObject, SkuPartNumber, and ServicePlanId" time="0.041" asserts="0" success="True" result="Success" executed="True" />
                  <test-case description="Should call Invoke-EntraRequest" name="Enable-PSEntraIDUserLicenseServicePlan.InputObjectSkuPartNumberPlanId parameter set.Should call Invoke-EntraRequest" time="0.029" asserts="0" success="True" result="Success" executed="True" />
                </results>
              </test-suite>
            </results>
          </test-suite>
        </results>
      </test-suite>
    </results>
  </test-suite>
</test-results>