<?xml version="1.0" encoding="utf-8" standalone="no"?>
<test-results xmlns:xsi="http://www.w3.org/2001/XMLSchema-instance" xsi:noNamespaceSchemaLocation="nunit_schema_2.5.xsd" name="Pester" total="11" errors="0" failures="0" not-run="0" inconclusive="0" ignored="0" skipped="0" invalid="0" date="2026-04-22" time="07:07:29">
  <environment user-domain="" platform="Linux" clr-version="9.0.1" machine-name="cfd01f1abd0b" user="root" nunit-version="2.5.8.0" os-version="6.6.87.2-microsoft-standard-WSL2" cwd="/workspaces/PSMicrosoftEntraID/src/tests" />
  <culture-info current-culture="en-US" current-uiculture="en-US" />
  <test-suite type="TestFixture" name="Pester" executed="True" result="Success" success="True" time="1.7074" asserts="0" description="Pester">
    <results>
      <test-suite type="TestFixture" name="/workspaces/PSMicrosoftEntraID/src/tests/functions/serviceannouncement/Get-PSEntraIDMessageCenter.Tests.ps1" executed="True" result="Success" success="True" time="1.7074" asserts="0" description="/workspaces/PSMicrosoftEntraID/src/tests/functions/serviceannouncement/Get-PSEntraIDMessageCenter.Tests.ps1">
        <results>
          <test-suite type="TestFixture" name="Get-PSEntraIDMessageCenter" executed="True" result="Success" success="True" time="1.5348" asserts="0" description="Get-PSEntraIDMessageCenter">
            <results>
              <test-suite type="TestFixture" name="Get-PSEntraIDMessageCenter.Parameter Validation" executed="True" result="Success" success="True" time="0.1872" asserts="0" description="Get-PSEntraIDMessageCenter.Parameter Validation">
                <results>
                  <test-case description="Should have OutputType PSMicrosoftEntraID.MessageCenter.Message" name="Get-PSEntraIDMessageCenter.Parameter Validation.Should have OutputType PSMicrosoftEntraID.MessageCenter.Message" time="0.0185" asserts="0" success="True" result="Success" executed="True" />
                  <test-case description="Should have Service parameter with ValidateSet" name="Get-PSEntraIDMessageCenter.Parameter Validation.Should have Service parameter with ValidateSet" time="0.0688" asserts="0" success="True" result="Success" executed="True" />
                  <test-case description="Should have Category parameter with ValidateSet" name="Get-PSEntraIDMessageCenter.Parameter Validation.Should have Category parameter with ValidateSet" time="0.0489" asserts="0" success="True" result="Success" executed="True" />
                  <test-case description="Should have Severity parameter with ValidateSet" name="Get-PSEntraIDMessageCenter.Parameter Validation.Should have Severity parameter with ValidateSet" time="0.0098" asserts="0" success="True" result="Success" executed="True" />
                  <test-case description="Should have PublishedAfter and PublishedBefore datetime parameters" name="Get-PSEntraIDMessageCenter.Parameter Validation.Should have PublishedAfter and PublishedBefore datetime parameters" time="0.0157" asserts="0" success="True" result="Success" executed="True" />
                </results>
              </test-suite>
              <test-suite type="TestFixture" name="Get-PSEntraIDMessageCenter.Get messages without filters" executed="True" result="Success" success="True" time="1.0461" asserts="0" description="Get-PSEntraIDMessageCenter.Get messages without filters">
                <results>
                  <test-case description="Should call API with GET to serviceAnnouncement/messages path" name="Get-PSEntraIDMessageCenter.Get messages without filters.Should call API with GET to serviceAnnouncement/messages path" time="0.7349" asserts="0" success="True" result="Success" executed="True" />
                  <test-case description="Should convert response using ConvertFrom-RestMessageCenter" name="Get-PSEntraIDMessageCenter.Get messages without filters.Should convert response using ConvertFrom-RestMessageCenter" time="0.0983" asserts="0" success="True" result="Success" executed="True" />
                </results>
              </test-suite>
              <test-suite type="TestFixture" name="Get-PSEntraIDMessageCenter.Get messages with Category filter" executed="True" result="Success" success="True" time="1.1245" asserts="0" description="Get-PSEntraIDMessageCenter.Get messages with Category filter">
                <results>
                  <test-case description="Should build Graph API filter for category" name="Get-PSEntraIDMessageCenter.Get messages with Category filter.Should build Graph API filter for category" time="0.0656" asserts="0" success="True" result="Success" executed="True" />
                </results>
              </test-suite>
              <test-suite type="TestFixture" name="Get-PSEntraIDMessageCenter.Get messages with Severity filter" executed="True" result="Success" success="True" time="1.1791" asserts="0" description="Get-PSEntraIDMessageCenter.Get messages with Severity filter">
                <results>
                  <test-case description="Should build Graph API filter for severity" name="Get-PSEntraIDMessageCenter.Get messages with Severity filter.Should build Graph API filter for severity" time="0.0461" asserts="0" success="True" result="Success" executed="True" />
                </results>
              </test-suite>
              <test-suite type="TestFixture" name="Get-PSEntraIDMessageCenter.Get messages with combined filters" executed="True" result="Success" success="True" time="1.2455" asserts="0" description="Get-PSEntraIDMessageCenter.Get messages with combined filters">
                <results>
                  <test-case description="Should combine category and severity filters with and" name="Get-PSEntraIDMessageCenter.Get messages with combined filters.Should combine category and severity filters with and" time="0.0594" asserts="0" success="True" result="Success" executed="True" />
                </results>
              </test-suite>
              <test-suite type="TestFixture" name="Get-PSEntraIDMessageCenter.Connection handling" executed="True" result="Success" success="True" time="1.2971" asserts="0" description="Get-PSEntraIDMessageCenter.Connection handling">
                <results>
                  <test-case description="Should assert Entra connection" name="Get-PSEntraIDMessageCenter.Connection handling.Should assert Entra connection" time="0.046" asserts="0" success="True" result="Success" executed="True" />
                </results>
              </test-suite>
            </results>
          </test-suite>
        </results>
      </test-suite>
    </results>
  </test-suite>
</test-results>