<?xml version="1.0" encoding="utf-8" standalone="no"?>
<test-results xmlns:xsi="http://www.w3.org/2001/XMLSchema-instance" xsi:noNamespaceSchemaLocation="nunit_schema_2.5.xsd" name="Pester" total="30" errors="0" failures="0" not-run="0" inconclusive="0" ignored="0" skipped="0" invalid="0" date="2026-04-22" time="10:34:54">
  <environment cwd="/workspaces/PSMicrosoftEntraID/src/tests" platform="Linux" os-version="6.6.87.2-microsoft-standard-WSL2" user="root" machine-name="cfd01f1abd0b" user-domain="" clr-version="9.0.1" nunit-version="2.5.8.0" />
  <culture-info current-culture="en-US" current-uiculture="en-US" />
  <test-suite type="TestFixture" name="Pester" executed="True" result="Success" success="True" time="0.9313" asserts="0" description="Pester">
    <results>
      <test-suite type="TestFixture" name="/workspaces/PSMicrosoftEntraID/src/tests/functions/license/Enable-PSEntraIDUserLicense.Tests.ps1" executed="True" result="Success" success="True" time="0.9313" asserts="0" description="/workspaces/PSMicrosoftEntraID/src/tests/functions/license/Enable-PSEntraIDUserLicense.Tests.ps1">
        <results>
          <test-suite type="TestFixture" name="Enable-PSEntraIDUserLicense" executed="True" result="Success" success="True" time="0.8206" asserts="0" description="Enable-PSEntraIDUserLicense">
            <results>
              <test-suite type="TestFixture" name="Enable-PSEntraIDUserLicense.Parameter Validation" executed="True" result="Success" success="True" time="0.0245" asserts="0" description="Enable-PSEntraIDUserLicense.Parameter Validation">
                <results>
                  <test-case description="Should have mandatory InputObject parameter for InputObjectSkuId parameter set" name="Enable-PSEntraIDUserLicense.Parameter Validation.Should have mandatory InputObject parameter for InputObjectSkuId parameter set" time="0.003" asserts="0" success="True" result="Success" executed="True" />
                  <test-case description="Should have mandatory Identity parameter for IdentitySkuId parameter set" name="Enable-PSEntraIDUserLicense.Parameter Validation.Should have mandatory Identity parameter for IdentitySkuId parameter set" time="0.0025" asserts="0" success="True" result="Success" executed="True" />
                  <test-case description="Should accept string array for SkuId parameter" name="Enable-PSEntraIDUserLicense.Parameter Validation.Should accept string array for SkuId parameter" time="0.0128" asserts="0" success="True" result="Success" executed="True" />
                  <test-case description="Should accept string array for SkuPartNumber parameter" name="Enable-PSEntraIDUserLicense.Parameter Validation.Should accept string array for SkuPartNumber parameter" time="0.0018" asserts="0" success="True" result="Success" executed="True" />
                  <test-case description="Should have PassThru switch parameter" name="Enable-PSEntraIDUserLicense.Parameter Validation.Should have PassThru switch parameter" time="0.0017" asserts="0" success="True" result="Success" executed="True" />
                </results>
              </test-suite>
              <test-suite type="TestFixture" name="Enable-PSEntraIDUserLicense.Enable license with InputObject and SkuId" executed="True" result="Success" success="True" time="0.1339" asserts="0" description="Enable-PSEntraIDUserLicense.Enable license with InputObject and SkuId">
                <results>
                  <test-case description="Should enable license for user" name="Enable-PSEntraIDUserLicense.Enable license with InputObject and SkuId.Should enable license for user" time="0.031" asserts="0" success="True" result="Success" executed="True" />
                  <test-case description="Should call API with correct path" name="Enable-PSEntraIDUserLicense.Enable license with InputObject and SkuId.Should call API with correct path" time="0.0208" asserts="0" success="True" result="Success" executed="True" />
                  <test-case description="Should call API with correct body structure for single license" name="Enable-PSEntraIDUserLicense.Enable license with InputObject and SkuId.Should call API with correct body structure for single license" time="0.0182" asserts="0" success="True" result="Success" executed="True" />
                  <test-case description="Should handle multiple SkuIds" name="Enable-PSEntraIDUserLicense.Enable license with InputObject and SkuId.Should handle multiple SkuIds" time="0.0166" asserts="0" success="True" result="Success" executed="True" />
                  <test-case description="Should enable license even if user already has other licenses" name="Enable-PSEntraIDUserLicense.Enable license with InputObject and SkuId.Should enable license even if user already has other licenses" time="0.0171" asserts="0" success="True" result="Success" executed="True" />
                </results>
              </test-suite>
              <test-suite type="TestFixture" name="Enable-PSEntraIDUserLicense.Enable license with InputObject and SkuPartNumber" executed="True" result="Success" success="True" time="0.2523" asserts="0" description="Enable-PSEntraIDUserLicense.Enable license with InputObject and SkuPartNumber">
                <results>
                  <test-case description="Should enable license using SkuPartNumber" name="Enable-PSEntraIDUserLicense.Enable license with InputObject and SkuPartNumber.Should enable license using SkuPartNumber" time="0.0274" asserts="0" success="True" result="Success" executed="True" />
                  <test-case description="Should call Get-PSEntraIDSubscribedSku to resolve SkuPartNumber" name="Enable-PSEntraIDUserLicense.Enable license with InputObject and SkuPartNumber.Should call Get-PSEntraIDSubscribedSku to resolve SkuPartNumber" time="0.0174" asserts="0" success="True" result="Success" executed="True" />
                  <test-case description="Should call API with resolved SkuId from SkuPartNumber" name="Enable-PSEntraIDUserLicense.Enable license with InputObject and SkuPartNumber.Should call API with resolved SkuId from SkuPartNumber" time="0.0181" asserts="0" success="True" result="Success" executed="True" />
                  <test-case description="Should handle SkuPartNumber with forward slash" name="Enable-PSEntraIDUserLicense.Enable license with InputObject and SkuPartNumber.Should handle SkuPartNumber with forward slash" time="0.0253" asserts="0" success="True" result="Success" executed="True" />
                  <test-case description="Should handle multiple SkuPartNumbers" name="Enable-PSEntraIDUserLicense.Enable license with InputObject and SkuPartNumber.Should handle multiple SkuPartNumbers" time="0.0246" asserts="0" success="True" result="Success" executed="True" />
                </results>
              </test-suite>
              <test-suite type="TestFixture" name="Enable-PSEntraIDUserLicense.Enable license with Identity parameter" executed="True" result="Success" success="True" time="0.3563" asserts="0" description="Enable-PSEntraIDUserLicense.Enable license with Identity parameter">
                <results>
                  <test-case description="Should call Get-PSEntraIDUser to retrieve user" name="Enable-PSEntraIDUserLicense.Enable license with Identity parameter.Should call Get-PSEntraIDUser to retrieve user" time="0.0211" asserts="0" success="True" result="Success" executed="True" />
                  <test-case description="Should enable license for retrieved user" name="Enable-PSEntraIDUserLicense.Enable license with Identity parameter.Should enable license for retrieved user" time="0.0177" asserts="0" success="True" result="Success" executed="True" />
                  <test-case description="Should handle when user is not found" name="Enable-PSEntraIDUserLicense.Enable license with Identity parameter.Should handle when user is not found" time="0.0232" asserts="0" success="True" result="Success" executed="True" />
                  <test-case description="Should process multiple identities" name="Enable-PSEntraIDUserLicense.Enable license with Identity parameter.Should process multiple identities" time="0.0252" asserts="0" success="True" result="Success" executed="True" />
                </results>
              </test-suite>
              <test-suite type="TestFixture" name="Enable-PSEntraIDUserLicense.PassThru parameter" executed="True" result="Success" success="True" time="0.4056" asserts="0" description="Enable-PSEntraIDUserLicense.PassThru parameter">
                <results>
                  <test-case description="Should return batch request object when PassThru is specified with SkuId" name="Enable-PSEntraIDUserLicense.PassThru parameter.Should return batch request object when PassThru is specified with SkuId" time="0.0182" asserts="0" success="True" result="Success" executed="True" />
                  <test-case description="Should return batch request object when PassThru is specified with SkuPartNumber" name="Enable-PSEntraIDUserLicense.PassThru parameter.Should return batch request object when PassThru is specified with SkuPartNumber" time="0.0175" asserts="0" success="True" result="Success" executed="True" />
                  <test-case description="Should not call Invoke-EntraRequest when PassThru is specified" name="Enable-PSEntraIDUserLicense.PassThru parameter.Should not call Invoke-EntraRequest when PassThru is specified" time="0.0074" asserts="0" success="True" result="Success" executed="True" />
                </results>
              </test-suite>
              <test-suite type="TestFixture" name="Enable-PSEntraIDUserLicense.Identity with SkuPartNumber" executed="True" result="Success" success="True" time="0.4673" asserts="0" description="Enable-PSEntraIDUserLicense.Identity with SkuPartNumber">
                <results>
                  <test-case description="Should enable license using Identity and SkuPartNumber" name="Enable-PSEntraIDUserLicense.Identity with SkuPartNumber.Should enable license using Identity and SkuPartNumber" time="0.0241" asserts="0" success="True" result="Success" executed="True" />
                  <test-case description="Should resolve SkuPartNumber to SkuId before enabling" name="Enable-PSEntraIDUserLicense.Identity with SkuPartNumber.Should resolve SkuPartNumber to SkuId before enabling" time="0.0257" asserts="0" success="True" result="Success" executed="True" />
                </results>
              </test-suite>
              <test-suite type="TestFixture" name="Enable-PSEntraIDUserLicense.Pipeline and batch processing" executed="True" result="Success" success="True" time="0.6623" asserts="0" description="Enable-PSEntraIDUserLicense.Pipeline and batch processing">
                <results>
                  <test-case description="Should accept pipeline input with SkuId" name="Enable-PSEntraIDUserLicense.Pipeline and batch processing.Should accept pipeline input with SkuId" time="0.0845" asserts="0" success="True" result="Success" executed="True" />
                  <test-case description="Should accept pipeline input with SkuPartNumber" name="Enable-PSEntraIDUserLicense.Pipeline and batch processing.Should accept pipeline input with SkuPartNumber" time="0.0963" asserts="0" success="True" result="Success" executed="True" />
                </results>
              </test-suite>
              <test-suite type="TestFixture" name="Enable-PSEntraIDUserLicense.Edge cases and error handling" executed="True" result="Success" success="True" time="0.6946" asserts="0" description="Enable-PSEntraIDUserLicense.Edge cases and error handling">
                <results>
                  <test-case description="Should use Force switch correctly" name="Enable-PSEntraIDUserLicense.Edge cases and error handling.Should use Force switch correctly" time="0.0215" asserts="0" success="True" result="Success" executed="True" />
                  <test-case description="Should handle empty license array" name="Enable-PSEntraIDUserLicense.Edge cases and error handling.Should handle empty license array" time="0.003" asserts="0" success="True" result="Success" executed="True" />
                </results>
              </test-suite>
              <test-suite type="TestFixture" name="Enable-PSEntraIDUserLicense.WhatIf support" executed="True" result="Success" success="True" time="0.7261" asserts="0" description="Enable-PSEntraIDUserLicense.WhatIf support">
                <results>
                  <test-case description="Should not invoke Invoke-EntraRequest when -WhatIf is specified" name="Enable-PSEntraIDUserLicense.WhatIf support.Should not invoke Invoke-EntraRequest when -WhatIf is specified" time="0.0245" asserts="0" success="True" result="Success" executed="True" />
                </results>
              </test-suite>
              <test-suite type="TestFixture" name="Enable-PSEntraIDUserLicense.Pipeline input with Invoke-PSFProtectedCommand" executed="True" result="Success" success="True" time="0.7853" asserts="0" description="Enable-PSEntraIDUserLicense.Pipeline input with Invoke-PSFProtectedCommand">
                <results>
                  <test-case description="Should accept pipeline input and call Invoke-PSFProtectedCommand" name="Enable-PSEntraIDUserLicense.Pipeline input with Invoke-PSFProtectedCommand.Should accept pipeline input and call Invoke-PSFProtectedCommand" time="0.0533" asserts="0" success="True" result="Success" executed="True" />
                </results>
              </test-suite>
            </results>
          </test-suite>
        </results>
      </test-suite>
    </results>
  </test-suite>
</test-results>