<?xml version="1.0" encoding="utf-8" standalone="no"?>
<test-results xmlns:xsi="http://www.w3.org/2001/XMLSchema-instance" xsi:noNamespaceSchemaLocation="nunit_schema_2.5.xsd" name="Pester" total="31" errors="0" failures="0" not-run="0" inconclusive="0" ignored="0" skipped="0" invalid="0" date="2026-04-22" time="10:34:52">
  <environment cwd="/workspaces/PSMicrosoftEntraID/src/tests" platform="Linux" os-version="6.6.87.2-microsoft-standard-WSL2" user="root" machine-name="cfd01f1abd0b" user-domain="" clr-version="9.0.1" nunit-version="2.5.8.0" />
  <culture-info current-culture="en-US" current-uiculture="en-US" />
  <test-suite type="TestFixture" name="Pester" executed="True" result="Success" success="True" time="0.9449" asserts="0" description="Pester">
    <results>
      <test-suite type="TestFixture" name="/workspaces/PSMicrosoftEntraID/src/tests/functions/license/Disable-PSEntraIDUserLicense.Tests.ps1" executed="True" result="Success" success="True" time="0.9449" asserts="0" description="/workspaces/PSMicrosoftEntraID/src/tests/functions/license/Disable-PSEntraIDUserLicense.Tests.ps1">
        <results>
          <test-suite type="TestFixture" name="Disable-PSEntraIDUserLicense" executed="True" result="Success" success="True" time="0.8694" asserts="0" description="Disable-PSEntraIDUserLicense">
            <results>
              <test-suite type="TestFixture" name="Disable-PSEntraIDUserLicense.Parameter Validation" executed="True" result="Success" success="True" time="0.0233" asserts="0" description="Disable-PSEntraIDUserLicense.Parameter Validation">
                <results>
                  <test-case description="Should have mandatory InputObject parameter for InputObjectSkuId parameter set" name="Disable-PSEntraIDUserLicense.Parameter Validation.Should have mandatory InputObject parameter for InputObjectSkuId parameter set" time="0.0096" asserts="0" success="True" result="Success" executed="True" />
                  <test-case description="Should have mandatory Identity parameter for IdentitySkuId parameter set" name="Disable-PSEntraIDUserLicense.Parameter Validation.Should have mandatory Identity parameter for IdentitySkuId parameter set" time="0.0032" asserts="0" success="True" result="Success" executed="True" />
                  <test-case description="Should accept string array for SkuId parameter" name="Disable-PSEntraIDUserLicense.Parameter Validation.Should accept string array for SkuId parameter" time="0.0028" asserts="0" success="True" result="Success" executed="True" />
                  <test-case description="Should accept string array for SkuPartNumber parameter" name="Disable-PSEntraIDUserLicense.Parameter Validation.Should accept string array for SkuPartNumber parameter" time="0.0027" asserts="0" success="True" result="Success" executed="True" />
                  <test-case description="Should have PassThru switch parameter" name="Disable-PSEntraIDUserLicense.Parameter Validation.Should have PassThru switch parameter" time="0.002" asserts="0" success="True" result="Success" executed="True" />
                </results>
              </test-suite>
              <test-suite type="TestFixture" name="Disable-PSEntraIDUserLicense.Disable license with InputObject and SkuId" executed="True" result="Success" success="True" time="0.1399" asserts="0" description="Disable-PSEntraIDUserLicense.Disable license with InputObject and SkuId">
                <results>
                  <test-case description="Should disable license when user has the license" name="Disable-PSEntraIDUserLicense.Disable license with InputObject and SkuId.Should disable license when user has the license" time="0.036" asserts="0" success="True" result="Success" executed="True" />
                  <test-case description="Should not call API when user does not have the license" name="Disable-PSEntraIDUserLicense.Disable license with InputObject and SkuId.Should not call API when user does not have the license" time="0.0129" asserts="0" success="True" result="Success" executed="True" />
                  <test-case description="Should call API with correct path" name="Disable-PSEntraIDUserLicense.Disable license with InputObject and SkuId.Should call API with correct path" time="0.0169" asserts="0" success="True" result="Success" executed="True" />
                  <test-case description="Should call API with correct body structure" name="Disable-PSEntraIDUserLicense.Disable license with InputObject and SkuId.Should call API with correct body structure" time="0.0171" asserts="0" success="True" result="Success" executed="True" />
                  <test-case description="Should handle multiple SkuIds" name="Disable-PSEntraIDUserLicense.Disable license with InputObject and SkuId.Should handle multiple SkuIds" time="0.0186" asserts="0" success="True" result="Success" executed="True" />
                </results>
              </test-suite>
              <test-suite type="TestFixture" name="Disable-PSEntraIDUserLicense.Disable license with InputObject and SkuPartNumber" executed="True" result="Success" success="True" time="0.2739" asserts="0" description="Disable-PSEntraIDUserLicense.Disable license with InputObject and SkuPartNumber">
                <results>
                  <test-case description="Should disable license when user has the license" name="Disable-PSEntraIDUserLicense.Disable license with InputObject and SkuPartNumber.Should disable license when user has the license" time="0.0393" asserts="0" success="True" result="Success" executed="True" />
                  <test-case description="Should call Get-PSEntraIDSubscribedSku to resolve SkuPartNumber" name="Disable-PSEntraIDUserLicense.Disable license with InputObject and SkuPartNumber.Should call Get-PSEntraIDSubscribedSku to resolve SkuPartNumber" time="0.0317" asserts="0" success="True" result="Success" executed="True" />
                  <test-case description="Should handle SkuPartNumber with forward slash" name="Disable-PSEntraIDUserLicense.Disable license with InputObject and SkuPartNumber.Should handle SkuPartNumber with forward slash" time="0.0217" asserts="0" success="True" result="Success" executed="True" />
                  <test-case description="Should handle multiple SkuPartNumbers" name="Disable-PSEntraIDUserLicense.Disable license with InputObject and SkuPartNumber.Should handle multiple SkuPartNumbers" time="0.0348" asserts="0" success="True" result="Success" executed="True" />
                </results>
              </test-suite>
              <test-suite type="TestFixture" name="Disable-PSEntraIDUserLicense.Disable license with Identity parameter" executed="True" result="Success" success="True" time="0.3947" asserts="0" description="Disable-PSEntraIDUserLicense.Disable license with Identity parameter">
                <results>
                  <test-case description="Should call Get-PSEntraIDUser to retrieve user" name="Disable-PSEntraIDUserLicense.Disable license with Identity parameter.Should call Get-PSEntraIDUser to retrieve user" time="0.0366" asserts="0" success="True" result="Success" executed="True" />
                  <test-case description="Should disable license when user has the license" name="Disable-PSEntraIDUserLicense.Disable license with Identity parameter.Should disable license when user has the license" time="0.0204" asserts="0" success="True" result="Success" executed="True" />
                  <test-case description="Should handle when user is not found" name="Disable-PSEntraIDUserLicense.Disable license with Identity parameter.Should handle when user is not found" time="0.0181" asserts="0" success="True" result="Success" executed="True" />
                  <test-case description="Should process multiple identities" name="Disable-PSEntraIDUserLicense.Disable license with Identity parameter.Should process multiple identities" time="0.0363" asserts="0" success="True" result="Success" executed="True" />
                </results>
              </test-suite>
              <test-suite type="TestFixture" name="Disable-PSEntraIDUserLicense.PassThru parameter" executed="True" result="Success" success="True" time="0.4443" asserts="0" description="Disable-PSEntraIDUserLicense.PassThru parameter">
                <results>
                  <test-case description="Should return batch request object when PassThru is specified with SkuId" name="Disable-PSEntraIDUserLicense.PassThru parameter.Should return batch request object when PassThru is specified with SkuId" time="0.0147" asserts="0" success="True" result="Success" executed="True" />
                  <test-case description="Should return batch request object when PassThru is specified with SkuPartNumber" name="Disable-PSEntraIDUserLicense.PassThru parameter.Should return batch request object when PassThru is specified with SkuPartNumber" time="0.0192" asserts="0" success="True" result="Success" executed="True" />
                  <test-case description="Should not call Invoke-EntraRequest when PassThru is specified" name="Disable-PSEntraIDUserLicense.PassThru parameter.Should not call Invoke-EntraRequest when PassThru is specified" time="0.0097" asserts="0" success="True" result="Success" executed="True" />
                </results>
              </test-suite>
              <test-suite type="TestFixture" name="Disable-PSEntraIDUserLicense.Pipeline and batch processing" executed="True" result="Success" success="True" time="0.6165" asserts="0" description="Disable-PSEntraIDUserLicense.Pipeline and batch processing">
                <results>
                  <test-case description="Should have ValueFromPipeline attribute on InputObject parameter" name="Disable-PSEntraIDUserLicense.Pipeline and batch processing.Should have ValueFromPipeline attribute on InputObject parameter" time="0.0098" asserts="0" success="True" result="Success" executed="True" />
                  <test-case description="Should accept pipeline input with SkuId" name="Disable-PSEntraIDUserLicense.Pipeline and batch processing.Should accept pipeline input with SkuId" time="0.0845" asserts="0" success="True" result="Success" executed="True" />
                  <test-case description="Should accept pipeline input with SkuPartNumber" name="Disable-PSEntraIDUserLicense.Pipeline and batch processing.Should accept pipeline input with SkuPartNumber" time="0.071" asserts="0" success="True" result="Success" executed="True" />
                </results>
              </test-suite>
              <test-suite type="TestFixture" name="Disable-PSEntraIDUserLicense.Identity with SkuPartNumber" executed="True" result="Success" success="True" time="0.6995" asserts="0" description="Disable-PSEntraIDUserLicense.Identity with SkuPartNumber">
                <results>
                  <test-case description="Should disable license using Identity and SkuPartNumber" name="Disable-PSEntraIDUserLicense.Identity with SkuPartNumber.Should disable license using Identity and SkuPartNumber" time="0.0349" asserts="0" success="True" result="Success" executed="True" />
                  <test-case description="Should resolve SkuPartNumber to SkuId before disabling" name="Disable-PSEntraIDUserLicense.Identity with SkuPartNumber.Should resolve SkuPartNumber to SkuId before disabling" time="0.0327" asserts="0" success="True" result="Success" executed="True" />
                </results>
              </test-suite>
              <test-suite type="TestFixture" name="Disable-PSEntraIDUserLicense.Edge cases and error handling" executed="True" result="Success" success="True" time="0.752" asserts="0" description="Disable-PSEntraIDUserLicense.Edge cases and error handling">
                <results>
                  <test-case description="Should handle user with null AssignedLicenses" name="Disable-PSEntraIDUserLicense.Edge cases and error handling.Should handle user with null AssignedLicenses" time="0.0093" asserts="0" success="True" result="Success" executed="True" />
                  <test-case description="Should handle empty SkuId array" name="Disable-PSEntraIDUserLicense.Edge cases and error handling.Should handle empty SkuId array" time="0.009" asserts="0" success="True" result="Success" executed="True" />
                  <test-case description="Should use Force switch correctly" name="Disable-PSEntraIDUserLicense.Edge cases and error handling.Should use Force switch correctly" time="0.0195" asserts="0" success="True" result="Success" executed="True" />
                </results>
              </test-suite>
              <test-suite type="TestFixture" name="Disable-PSEntraIDUserLicense.WhatIf support" executed="True" result="Success" success="True" time="0.7789" asserts="0" description="Disable-PSEntraIDUserLicense.WhatIf support">
                <results>
                  <test-case description="Should not invoke Invoke-EntraRequest when -WhatIf is specified" name="Disable-PSEntraIDUserLicense.WhatIf support.Should not invoke Invoke-EntraRequest when -WhatIf is specified" time="0.0208" asserts="0" success="True" result="Success" executed="True" />
                </results>
              </test-suite>
              <test-suite type="TestFixture" name="Disable-PSEntraIDUserLicense.Pipeline input with Invoke-PSFProtectedCommand" executed="True" result="Success" success="True" time="0.8378" asserts="0" description="Disable-PSEntraIDUserLicense.Pipeline input with Invoke-PSFProtectedCommand">
                <results>
                  <test-case description="Should accept pipeline input and call Invoke-PSFProtectedCommand" name="Disable-PSEntraIDUserLicense.Pipeline input with Invoke-PSFProtectedCommand.Should accept pipeline input and call Invoke-PSFProtectedCommand" time="0.0515" asserts="0" success="True" result="Success" executed="True" />
                </results>
              </test-suite>
            </results>
          </test-suite>
        </results>
      </test-suite>
    </results>
  </test-suite>
</test-results>