<?xml version="1.0" encoding="utf-8" standalone="no"?>
<test-results xmlns:xsi="http://www.w3.org/2001/XMLSchema-instance" xsi:noNamespaceSchemaLocation="nunit_schema_2.5.xsd" name="Pester" total="17" errors="0" failures="17" not-run="0" inconclusive="0" ignored="0" skipped="0" invalid="0" date="2026-04-22" time="13:39:09">
  <environment user="root" platform="Linux" cwd="/workspaces/PSMicrosoftEntraID/src" clr-version="9.0.1" user-domain="" machine-name="cfd01f1abd0b" os-version="6.6.87.2-microsoft-standard-WSL2" nunit-version="2.5.8.0" />
  <culture-info current-culture="en-US" current-uiculture="en-US" />
  <test-suite type="TestFixture" name="Pester" executed="True" result="Failure" success="False" time="0.1684" asserts="0" description="Pester">
    <results>
      <test-suite type="TestFixture" name="/workspaces/PSMicrosoftEntraID/src/tests/functions/group/Get-PSEntraIDGroupLicenseDetail.Tests.ps1" executed="True" result="Failure" success="False" time="0.1684" asserts="0" description="/workspaces/PSMicrosoftEntraID/src/tests/functions/group/Get-PSEntraIDGroupLicenseDetail.Tests.ps1">
        <results>
          <test-suite type="TestFixture" name="Get-PSEntraIDGroupLicenseDetail" executed="True" result="Failure" success="False" time="0" asserts="0" description="Get-PSEntraIDGroupLicenseDetail">
            <results>
              <test-suite type="TestFixture" name="Get-PSEntraIDGroupLicenseDetail.Parameter Validation" executed="True" result="Failure" success="False" time="0" asserts="0" description="Get-PSEntraIDGroupLicenseDetail.Parameter Validation">
                <results>
                  <test-case description="Should have correct parameter sets" name="Get-PSEntraIDGroupLicenseDetail.Parameter Validation.Should have correct parameter sets" time="0" asserts="0" success="False" result="Failure" executed="True">
                    <failure>
                      <message>This test should run but it did not. Most likely a setup in some parent block failed.</message>
                      <stack-trace />
                    </failure>
                  </test-case>
                  <test-case description="Should have correct aliases for Identity parameter" name="Get-PSEntraIDGroupLicenseDetail.Parameter Validation.Should have correct aliases for Identity parameter" time="0" asserts="0" success="False" result="Failure" executed="True">
                    <failure>
                      <message>This test should run but it did not. Most likely a setup in some parent block failed.</message>
                      <stack-trace />
                    </failure>
                  </test-case>
                  <test-case description="Should have correct output type" name="Get-PSEntraIDGroupLicenseDetail.Parameter Validation.Should have correct output type" time="0" asserts="0" success="False" result="Failure" executed="True">
                    <failure>
                      <message>This test should run but it did not. Most likely a setup in some parent block failed.</message>
                      <stack-trace />
                    </failure>
                  </test-case>
                  <test-case description="Should have InputObject parameter accept pipeline input" name="Get-PSEntraIDGroupLicenseDetail.Parameter Validation.Should have InputObject parameter accept pipeline input" time="0" asserts="0" success="False" result="Failure" executed="True">
                    <failure>
                      <message>This test should run but it did not. Most likely a setup in some parent block failed.</message>
                      <stack-trace />
                    </failure>
                  </test-case>
                  <test-case description="Should have Identity parameter accept pipeline input" name="Get-PSEntraIDGroupLicenseDetail.Parameter Validation.Should have Identity parameter accept pipeline input" time="0" asserts="0" success="False" result="Failure" executed="True">
                    <failure>
                      <message>This test should run but it did not. Most likely a setup in some parent block failed.</message>
                      <stack-trace />
                    </failure>
                  </test-case>
                  <test-case description="Should have EnableException as a switch parameter" name="Get-PSEntraIDGroupLicenseDetail.Parameter Validation.Should have EnableException as a switch parameter" time="0" asserts="0" success="False" result="Failure" executed="True">
                    <failure>
                      <message>This test should run but it did not. Most likely a setup in some parent block failed.</message>
                      <stack-trace />
                    </failure>
                  </test-case>
                </results>
              </test-suite>
              <test-suite type="TestFixture" name="Get-PSEntraIDGroupLicenseDetail.When using InputObject parameter set" executed="True" result="Failure" success="False" time="0" asserts="0" description="Get-PSEntraIDGroupLicenseDetail.When using InputObject parameter set">
                <results>
                  <test-case description="Should retrieve license details for group object" name="Get-PSEntraIDGroupLicenseDetail.When using InputObject parameter set.Should retrieve license details for group object" time="0" asserts="0" success="False" result="Failure" executed="True">
                    <failure>
                      <message>This test should run but it did not. Most likely a setup in some parent block failed.</message>
                      <stack-trace />
                    </failure>
                  </test-case>
                  <test-case description="Should handle multiple group objects" name="Get-PSEntraIDGroupLicenseDetail.When using InputObject parameter set.Should handle multiple group objects" time="0" asserts="0" success="False" result="Failure" executed="True">
                    <failure>
                      <message>This test should run but it did not. Most likely a setup in some parent block failed.</message>
                      <stack-trace />
                    </failure>
                  </test-case>
                  <test-case description="Should use correct API path with group ID" name="Get-PSEntraIDGroupLicenseDetail.When using InputObject parameter set.Should use correct API path with group ID" time="0" asserts="0" success="False" result="Failure" executed="True">
                    <failure>
                      <message>This test should run but it did not. Most likely a setup in some parent block failed.</message>
                      <stack-trace />
                    </failure>
                  </test-case>
                  <test-case description="Should pass correct query parameters" name="Get-PSEntraIDGroupLicenseDetail.When using InputObject parameter set.Should pass correct query parameters" time="0" asserts="0" success="False" result="Failure" executed="True">
                    <failure>
                      <message>This test should run but it did not. Most likely a setup in some parent block failed.</message>
                      <stack-trace />
                    </failure>
                  </test-case>
                </results>
              </test-suite>
              <test-suite type="TestFixture" name="Get-PSEntraIDGroupLicenseDetail.When using Identity parameter set" executed="True" result="Failure" success="False" time="0" asserts="0" description="Get-PSEntraIDGroupLicenseDetail.When using Identity parameter set">
                <results>
                  <test-case description="Should retrieve license details by group identity" name="Get-PSEntraIDGroupLicenseDetail.When using Identity parameter set.Should retrieve license details by group identity" time="0" asserts="0" success="False" result="Failure" executed="True">
                    <failure>
                      <message>This test should run but it did not. Most likely a setup in some parent block failed.</message>
                      <stack-trace />
                    </failure>
                  </test-case>
                  <test-case description="Should handle multiple identities" name="Get-PSEntraIDGroupLicenseDetail.When using Identity parameter set.Should handle multiple identities" time="0" asserts="0" success="False" result="Failure" executed="True">
                    <failure>
                      <message>This test should run but it did not. Most likely a setup in some parent block failed.</message>
                      <stack-trace />
                    </failure>
                  </test-case>
                  <test-case description="Should use resolved group ID in API path" name="Get-PSEntraIDGroupLicenseDetail.When using Identity parameter set.Should use resolved group ID in API path" time="0" asserts="0" success="False" result="Failure" executed="True">
                    <failure>
                      <message>This test should run but it did not. Most likely a setup in some parent block failed.</message>
                      <stack-trace />
                    </failure>
                  </test-case>
                  <test-case description="Should handle when group is not found with EnableException" name="Get-PSEntraIDGroupLicenseDetail.When using Identity parameter set.Should handle when group is not found with EnableException" time="0" asserts="0" success="False" result="Failure" executed="True">
                    <failure>
                      <message>This test should run but it did not. Most likely a setup in some parent block failed.</message>
                      <stack-trace />
                    </failure>
                  </test-case>
                  <test-case description="Should not call API when group is not found" name="Get-PSEntraIDGroupLicenseDetail.When using Identity parameter set.Should not call API when group is not found" time="0" asserts="0" success="False" result="Failure" executed="True">
                    <failure>
                      <message>This test should run but it did not. Most likely a setup in some parent block failed.</message>
                      <stack-trace />
                    </failure>
                  </test-case>
                </results>
              </test-suite>
              <test-suite type="TestFixture" name="Get-PSEntraIDGroupLicenseDetail.Connection and Configuration" executed="True" result="Failure" success="False" time="0" asserts="0" description="Get-PSEntraIDGroupLicenseDetail.Connection and Configuration">
                <results>
                  <test-case description="Should assert connection to Entra" name="Get-PSEntraIDGroupLicenseDetail.Connection and Configuration.Should assert connection to Entra" time="0" asserts="0" success="False" result="Failure" executed="True">
                    <failure>
                      <message>This test should run but it did not. Most likely a setup in some parent block failed.</message>
                      <stack-trace />
                    </failure>
                  </test-case>
                  <test-case description="Should use Graph service" name="Get-PSEntraIDGroupLicenseDetail.Connection and Configuration.Should use Graph service" time="0" asserts="0" success="False" result="Failure" executed="True">
                    <failure>
                      <message>This test should run but it did not. Most likely a setup in some parent block failed.</message>
                      <stack-trace />
                    </failure>
                  </test-case>
                </results>
              </test-suite>
            </results>
          </test-suite>
        </results>
      </test-suite>
    </results>
  </test-suite>
</test-results>