<?xml version="1.0" encoding="utf-8" standalone="no"?>
<test-results xmlns:xsi="http://www.w3.org/2001/XMLSchema-instance" xsi:noNamespaceSchemaLocation="nunit_schema_2.5.xsd" name="Pester" total="12" errors="0" failures="0" not-run="0" inconclusive="0" ignored="0" skipped="0" invalid="0" date="2026-04-22" time="07:05:31">
  <environment user-domain="" platform="Linux" clr-version="9.0.1" machine-name="cfd01f1abd0b" user="root" nunit-version="2.5.8.0" os-version="6.6.87.2-microsoft-standard-WSL2" cwd="/workspaces/PSMicrosoftEntraID/src/tests" />
  <culture-info current-culture="en-US" current-uiculture="en-US" />
  <test-suite type="TestFixture" name="Pester" executed="True" result="Success" success="True" time="0.3899" asserts="0" description="Pester">
    <results>
      <test-suite type="TestFixture" name="/workspaces/PSMicrosoftEntraID/src/tests/functions/group/Remove-PSEntraIDGroupOwner.Tests.ps1" executed="True" result="Success" success="True" time="0.3899" asserts="0" description="/workspaces/PSMicrosoftEntraID/src/tests/functions/group/Remove-PSEntraIDGroupOwner.Tests.ps1">
        <results>
          <test-suite type="TestFixture" name="Remove-PSEntraIDGroupOwner" executed="True" result="Success" success="True" time="0.3318" asserts="0" description="Remove-PSEntraIDGroupOwner">
            <results>
              <test-suite type="TestFixture" name="Remove-PSEntraIDGroupOwner.Parameter Validation" executed="True" result="Success" success="True" time="0.0262" asserts="0" description="Remove-PSEntraIDGroupOwner.Parameter Validation">
                <results>
                  <test-case description="Should have IdentityInputObject and IdentityUser parameter sets" name="Remove-PSEntraIDGroupOwner.Parameter Validation.Should have IdentityInputObject and IdentityUser parameter sets" time="0.0029" asserts="0" success="True" result="Success" executed="True" />
                  <test-case description="Should support ShouldProcess" name="Remove-PSEntraIDGroupOwner.Parameter Validation.Should support ShouldProcess" time="0.0161" asserts="0" success="True" result="Success" executed="True" />
                  <test-case description="Should have mandatory Identity parameter" name="Remove-PSEntraIDGroupOwner.Parameter Validation.Should have mandatory Identity parameter" time="0.0038" asserts="0" success="True" result="Success" executed="True" />
                </results>
              </test-suite>
              <test-suite type="TestFixture" name="Remove-PSEntraIDGroupOwner.Remove owner by User string" executed="True" result="Success" success="True" time="0.0857" asserts="0" description="Remove-PSEntraIDGroupOwner.Remove owner by User string">
                <results>
                  <test-case description="Should resolve group and user, then call DELETE with owners/$ref path" name="Remove-PSEntraIDGroupOwner.Remove owner by User string.Should resolve group and user, then call DELETE with owners/$ref path" time="0.0337" asserts="0" success="True" result="Success" executed="True" />
                  <test-case description="Should handle user not found with EnableException" name="Remove-PSEntraIDGroupOwner.Remove owner by User string.Should handle user not found with EnableException" time="0.0196" asserts="0" success="True" result="Success" executed="True" />
                </results>
              </test-suite>
              <test-suite type="TestFixture" name="Remove-PSEntraIDGroupOwner.Remove owner by InputObject" executed="True" result="Success" success="True" time="0.105" asserts="0" description="Remove-PSEntraIDGroupOwner.Remove owner by InputObject">
                <results>
                  <test-case description="Should call DELETE with owners/$ref path using InputObject Id" name="Remove-PSEntraIDGroupOwner.Remove owner by InputObject.Should call DELETE with owners/$ref path using InputObject Id" time="0.0169" asserts="0" success="True" result="Success" executed="True" />
                </results>
              </test-suite>
              <test-suite type="TestFixture" name="Remove-PSEntraIDGroupOwner.PassThru parameter" executed="True" result="Success" success="True" time="0.1533" asserts="0" description="Remove-PSEntraIDGroupOwner.PassThru parameter">
                <results>
                  <test-case description="Should return batch request with DELETE method for User" name="Remove-PSEntraIDGroupOwner.PassThru parameter.Should return batch request with DELETE method for User" time="0.0145" asserts="0" success="True" result="Success" executed="True" />
                  <test-case description="Should return batch request for InputObject" name="Remove-PSEntraIDGroupOwner.PassThru parameter.Should return batch request for InputObject" time="0.0176" asserts="0" success="True" result="Success" executed="True" />
                  <test-case description="Should not call Invoke-EntraRequest when PassThru" name="Remove-PSEntraIDGroupOwner.PassThru parameter.Should not call Invoke-EntraRequest when PassThru" time="0.0138" asserts="0" success="True" result="Success" executed="True" />
                </results>
              </test-suite>
              <test-suite type="TestFixture" name="Remove-PSEntraIDGroupOwner.Connection handling" executed="True" result="Success" success="True" time="0.2367" asserts="0" description="Remove-PSEntraIDGroupOwner.Connection handling">
                <results>
                  <test-case description="Should assert Entra connection" name="Remove-PSEntraIDGroupOwner.Connection handling.Should assert Entra connection" time="0.0201" asserts="0" success="True" result="Success" executed="True" />
                </results>
              </test-suite>
              <test-suite type="TestFixture" name="Remove-PSEntraIDGroupOwner.WhatIf support" executed="True" result="Success" success="True" time="0.2581" asserts="0" description="Remove-PSEntraIDGroupOwner.WhatIf support">
                <results>
                  <test-case description="Should not invoke Invoke-EntraRequest when -WhatIf is specified" name="Remove-PSEntraIDGroupOwner.WhatIf support.Should not invoke Invoke-EntraRequest when -WhatIf is specified" time="0.0182" asserts="0" success="True" result="Success" executed="True" />
                </results>
              </test-suite>
              <test-suite type="TestFixture" name="Remove-PSEntraIDGroupOwner.Pipeline input" executed="True" result="Success" success="True" time="0.2926" asserts="0" description="Remove-PSEntraIDGroupOwner.Pipeline input">
                <results>
                  <test-case description="Should accept pipeline input for InputObject parameter" name="Remove-PSEntraIDGroupOwner.Pipeline input.Should accept pipeline input for InputObject parameter" time="0.0232" asserts="0" success="True" result="Success" executed="True" />
                </results>
              </test-suite>
            </results>
          </test-suite>
        </results>
      </test-suite>
    </results>
  </test-suite>
</test-results>